
cINFO:werkzeug: * Running on http://127.0.0.1:5000 (Press CTRL+C to quit)
INFO:root:Выполняется поиск
ERROR:app:Exception on /search [GET]
Traceback (most recent call last):
  File "/Library/Frameworks/Python.framework/Versions/3.10/lib/python3.10/site-packages/flask/app.py", line 2077, in wsgi_app
    response = self.full_dispatch_request()
  File "/Library/Frameworks/Python.framework/Versions/3.10/lib/python3.10/site-packages/flask/app.py", line 1525, in full_dispatch_request
    rv = self.handle_user_exception(e)
  File "/Library/Frameworks/Python.framework/Versions/3.10/lib/python3.10/site-packages/flask/app.py", line 1523, in full_dispatch_request
    rv = self.dispatch_request()
  File "/Library/Frameworks/Python.framework/Versions/3.10/lib/python3.10/site-packages/flask/app.py", line 1509, in dispatch_request
    return self.ensure_sync(self.view_functions[rule.endpoint])(**req.view_args)
  File "/Users/nellikadocnikova/Desktop/lesson12_project_source_v3-master/main/views.py", line 26, in search_page
    return render_template("post_list.html", posts=filtered_posts, s=s)
  File "/Library/Frameworks/Python.framework/Versions/3.10/lib/python3.10/site-packages/flask/templating.py", line 149, in render_template
    ctx.app.jinja_env.get_or_select_template(template_name_or_list),
  File "/Library/Frameworks/Python.framework/Versions/3.10/lib/python3.10/site-packages/jinja2/environment.py", line 1081, in get_or_select_template
    return self.get_template(template_name_or_list, parent, globals)
  File "/Library/Frameworks/Python.framework/Versions/3.10/lib/python3.10/site-packages/jinja2/environment.py", line 1010, in get_template
    return self._load_template(name, globals)
  File "/Library/Frameworks/Python.framework/Versions/3.10/lib/python3.10/site-packages/jinja2/environment.py", line 969, in _load_template
    template = self.loader.load(self, name, self.make_globals(globals))
  File "/Library/Frameworks/Python.framework/Versions/3.10/lib/python3.10/site-packages/jinja2/loaders.py", line 138, in load
    code = environment.compile(source, name, filename)
  File "/Library/Frameworks/Python.framework/Versions/3.10/lib/python3.10/site-packages/jinja2/environment.py", line 768, in compile
    self.handle_exception(source=source_hint)
  File "/Library/Frameworks/Python.framework/Versions/3.10/lib/python3.10/site-packages/jinja2/environment.py", line 936, in handle_exception
    raise rewrite_traceback_stack(source=source)
  File "/Users/nellikadocnikova/Desktop/lesson12_project_source_v3-master/main/templates/post_list.html", line 22, in template
    {% andfor %}
jinja2.exceptions.TemplateSyntaxError: Encountered unknown tag 'andfor'. Jinja was looking for the following tags: 'endfor' or 'else'. The innermost block that needs to be closed is 'for'.
INFO:werkzeug:127.0.0.1 - - [22/May/2022 15:01:43] "[35m[1mGET /search?s=Ага HTTP/1.1[0m" 500 -
INFO:root:Выполняется поиск
ERROR:app:Exception on /search [GET]
Traceback (most recent call last):
  File "/Library/Frameworks/Python.framework/Versions/3.10/lib/python3.10/site-packages/flask/app.py", line 2077, in wsgi_app
    response = self.full_dispatch_request()
  File "/Library/Frameworks/Python.framework/Versions/3.10/lib/python3.10/site-packages/flask/app.py", line 1525, in full_dispatch_request
    rv = self.handle_user_exception(e)
  File "/Library/Frameworks/Python.framework/Versions/3.10/lib/python3.10/site-packages/flask/app.py", line 1523, in full_dispatch_request
    rv = self.dispatch_request()
  File "/Library/Frameworks/Python.framework/Versions/3.10/lib/python3.10/site-packages/flask/app.py", line 1509, in dispatch_request
    return self.ensure_sync(self.view_functions[rule.endpoint])(**req.view_args)
  File "/Users/nellikadocnikova/Desktop/lesson12_project_source_v3-master/main/views.py", line 26, in search_page
    return render_template("post_list.html", posts=filtered_posts, s=s)
  File "/Library/Frameworks/Python.framework/Versions/3.10/lib/python3.10/site-packages/flask/templating.py", line 149, in render_template
    ctx.app.jinja_env.get_or_select_template(template_name_or_list),
  File "/Library/Frameworks/Python.framework/Versions/3.10/lib/python3.10/site-packages/jinja2/environment.py", line 1081, in get_or_select_template
    return self.get_template(template_name_or_list, parent, globals)
  File "/Library/Frameworks/Python.framework/Versions/3.10/lib/python3.10/site-packages/jinja2/environment.py", line 1010, in get_template
    return self._load_template(name, globals)
  File "/Library/Frameworks/Python.framework/Versions/3.10/lib/python3.10/site-packages/jinja2/environment.py", line 969, in _load_template
    template = self.loader.load(self, name, self.make_globals(globals))
  File "/Library/Frameworks/Python.framework/Versions/3.10/lib/python3.10/site-packages/jinja2/loaders.py", line 138, in load
    code = environment.compile(source, name, filename)
  File "/Library/Frameworks/Python.framework/Versions/3.10/lib/python3.10/site-packages/jinja2/environment.py", line 768, in compile
    self.handle_exception(source=source_hint)
  File "/Library/Frameworks/Python.framework/Versions/3.10/lib/python3.10/site-packages/jinja2/environment.py", line 936, in handle_exception
    raise rewrite_traceback_stack(source=source)
  File "/Users/nellikadocnikova/Desktop/lesson12_project_source_v3-master/main/templates/post_list.html", line 22, in template
    {% andfor %}
jinja2.exceptions.TemplateSyntaxError: Encountered unknown tag 'andfor'. Jinja was looking for the following tags: 'endfor' or 'else'. The innermost block that needs to be closed is 'for'.
INFO:werkzeug:127.0.0.1 - - [22/May/2022 15:02:14] "[35m[1mGET /search?s=Ага HTTP/1.1[0m" 500 -
INFO:werkzeug: * Running on http://127.0.0.1:5000 (Press CTRL+C to quit)
INFO:root:Выполняется поиск
ERROR:app:Exception on /search [GET]
Traceback (most recent call last):
  File "/Library/Frameworks/Python.framework/Versions/3.10/lib/python3.10/site-packages/flask/app.py", line 2077, in wsgi_app
    response = self.full_dispatch_request()
  File "/Library/Frameworks/Python.framework/Versions/3.10/lib/python3.10/site-packages/flask/app.py", line 1525, in full_dispatch_request
    rv = self.handle_user_exception(e)
  File "/Library/Frameworks/Python.framework/Versions/3.10/lib/python3.10/site-packages/flask/app.py", line 1523, in full_dispatch_request
    rv = self.dispatch_request()
  File "/Library/Frameworks/Python.framework/Versions/3.10/lib/python3.10/site-packages/flask/app.py", line 1509, in dispatch_request
    return self.ensure_sync(self.view_functions[rule.endpoint])(**req.view_args)
  File "/Users/nellikadocnikova/Desktop/lesson12_project_source_v3-master/main/views.py", line 26, in search_page
    return render_template("post_list.html", posts=filtered_posts, s=s)
  File "/Library/Frameworks/Python.framework/Versions/3.10/lib/python3.10/site-packages/flask/templating.py", line 149, in render_template
    ctx.app.jinja_env.get_or_select_template(template_name_or_list),
  File "/Library/Frameworks/Python.framework/Versions/3.10/lib/python3.10/site-packages/jinja2/environment.py", line 1081, in get_or_select_template
    return self.get_template(template_name_or_list, parent, globals)
  File "/Library/Frameworks/Python.framework/Versions/3.10/lib/python3.10/site-packages/jinja2/environment.py", line 1010, in get_template
    return self._load_template(name, globals)
  File "/Library/Frameworks/Python.framework/Versions/3.10/lib/python3.10/site-packages/jinja2/environment.py", line 969, in _load_template
    template = self.loader.load(self, name, self.make_globals(globals))
  File "/Library/Frameworks/Python.framework/Versions/3.10/lib/python3.10/site-packages/jinja2/loaders.py", line 138, in load
    code = environment.compile(source, name, filename)
  File "/Library/Frameworks/Python.framework/Versions/3.10/lib/python3.10/site-packages/jinja2/environment.py", line 768, in compile
    self.handle_exception(source=source_hint)
  File "/Library/Frameworks/Python.framework/Versions/3.10/lib/python3.10/site-packages/jinja2/environment.py", line 936, in handle_exception
    raise rewrite_traceback_stack(source=source)
  File "/Users/nellikadocnikova/Desktop/lesson12_project_source_v3-master/main/templates/post_list.html", line 22, in template
    {% andfor %}
jinja2.exceptions.TemplateSyntaxError: Encountered unknown tag 'andfor'. Jinja was looking for the following tags: 'endfor' or 'else'. The innermost block that needs to be closed is 'for'.
INFO:werkzeug:127.0.0.1 - - [22/May/2022 15:23:14] "[35m[1mGET /search?s=Ага HTTP/1.1[0m" 500 -
ERROR:app:Exception on /post [GET]
Traceback (most recent call last):
  File "/Library/Frameworks/Python.framework/Versions/3.10/lib/python3.10/site-packages/flask/app.py", line 2077, in wsgi_app
    response = self.full_dispatch_request()
  File "/Library/Frameworks/Python.framework/Versions/3.10/lib/python3.10/site-packages/flask/app.py", line 1525, in full_dispatch_request
    rv = self.handle_user_exception(e)
  File "/Library/Frameworks/Python.framework/Versions/3.10/lib/python3.10/site-packages/flask/app.py", line 1523, in full_dispatch_request
    rv = self.dispatch_request()
  File "/Library/Frameworks/Python.framework/Versions/3.10/lib/python3.10/site-packages/flask/app.py", line 1509, in dispatch_request
    return self.ensure_sync(self.view_functions[rule.endpoint])(**req.view_args)
  File "/Users/nellikadocnikova/Desktop/lesson12_project_source_v3-master/loader/views.py", line 10, in create_new_post_page
    return render_template(post_form.html)
NameError: name 'post_form' is not defined
INFO:werkzeug:127.0.0.1 - - [22/May/2022 15:23:45] "[35m[1mGET /post HTTP/1.1[0m" 500 -
ERROR:app:Exception on /post [GET]
Traceback (most recent call last):
  File "/Library/Frameworks/Python.framework/Versions/3.10/lib/python3.10/site-packages/flask/app.py", line 2077, in wsgi_app
    response = self.full_dispatch_request()
  File "/Library/Frameworks/Python.framework/Versions/3.10/lib/python3.10/site-packages/flask/app.py", line 1525, in full_dispatch_request
    rv = self.handle_user_exception(e)
  File "/Library/Frameworks/Python.framework/Versions/3.10/lib/python3.10/site-packages/flask/app.py", line 1523, in full_dispatch_request
    rv = self.dispatch_request()
  File "/Library/Frameworks/Python.framework/Versions/3.10/lib/python3.10/site-packages/flask/app.py", line 1509, in dispatch_request
    return self.ensure_sync(self.view_functions[rule.endpoint])(**req.view_args)
  File "/Users/nellikadocnikova/Desktop/lesson12_project_source_v3-master/loader/views.py", line 10, in create_new_post_page
    return render_template(post_form.html)
NameError: name 'post_form' is not defined
INFO:werkzeug:127.0.0.1 - - [22/May/2022 15:23:51] "[35m[1mGET /post HTTP/1.1[0m" 500 -
INFO:root:Открытие главной страницы
INFO:werkzeug:127.0.0.1 - - [22/May/2022 15:24:00] "GET / HTTP/1.1" 200 -
INFO:werkzeug:127.0.0.1 - - [22/May/2022 15:24:00] "[36mGET /static/style.css HTTP/1.1[0m" 304 -
INFO:root:Выполняется поиск
ERROR:app:Exception on /search [GET]
Traceback (most recent call last):
  File "/Library/Frameworks/Python.framework/Versions/3.10/lib/python3.10/site-packages/flask/app.py", line 2077, in wsgi_app
    response = self.full_dispatch_request()
  File "/Library/Frameworks/Python.framework/Versions/3.10/lib/python3.10/site-packages/flask/app.py", line 1525, in full_dispatch_request
    rv = self.handle_user_exception(e)
  File "/Library/Frameworks/Python.framework/Versions/3.10/lib/python3.10/site-packages/flask/app.py", line 1523, in full_dispatch_request
    rv = self.dispatch_request()
  File "/Library/Frameworks/Python.framework/Versions/3.10/lib/python3.10/site-packages/flask/app.py", line 1509, in dispatch_request
    return self.ensure_sync(self.view_functions[rule.endpoint])(**req.view_args)
  File "/Users/nellikadocnikova/Desktop/lesson12_project_source_v3-master/main/views.py", line 26, in search_page
    return render_template("post_list.html", posts=filtered_posts, s=s)
  File "/Library/Frameworks/Python.framework/Versions/3.10/lib/python3.10/site-packages/flask/templating.py", line 149, in render_template
    ctx.app.jinja_env.get_or_select_template(template_name_or_list),
  File "/Library/Frameworks/Python.framework/Versions/3.10/lib/python3.10/site-packages/jinja2/environment.py", line 1081, in get_or_select_template
    return self.get_template(template_name_or_list, parent, globals)
  File "/Library/Frameworks/Python.framework/Versions/3.10/lib/python3.10/site-packages/jinja2/environment.py", line 1010, in get_template
    return self._load_template(name, globals)
  File "/Library/Frameworks/Python.framework/Versions/3.10/lib/python3.10/site-packages/jinja2/environment.py", line 969, in _load_template
    template = self.loader.load(self, name, self.make_globals(globals))
  File "/Library/Frameworks/Python.framework/Versions/3.10/lib/python3.10/site-packages/jinja2/loaders.py", line 138, in load
    code = environment.compile(source, name, filename)
  File "/Library/Frameworks/Python.framework/Versions/3.10/lib/python3.10/site-packages/jinja2/environment.py", line 768, in compile
    self.handle_exception(source=source_hint)
  File "/Library/Frameworks/Python.framework/Versions/3.10/lib/python3.10/site-packages/jinja2/environment.py", line 936, in handle_exception
    raise rewrite_traceback_stack(source=source)
  File "/Users/nellikadocnikova/Desktop/lesson12_project_source_v3-master/main/templates/post_list.html", line 22, in template
    {% andfor %}
jinja2.exceptions.TemplateSyntaxError: Encountered unknown tag 'andfor'. Jinja was looking for the following tags: 'endfor' or 'else'. The innermost block that needs to be closed is 'for'.
INFO:werkzeug:127.0.0.1 - - [22/May/2022 15:24:25] "[35m[1mGET /search?s= HTTP/1.1[0m" 500 -
ERROR:app:Exception on /post [GET]
Traceback (most recent call last):
  File "/Library/Frameworks/Python.framework/Versions/3.10/lib/python3.10/site-packages/flask/app.py", line 2077, in wsgi_app
    response = self.full_dispatch_request()
  File "/Library/Frameworks/Python.framework/Versions/3.10/lib/python3.10/site-packages/flask/app.py", line 1525, in full_dispatch_request
    rv = self.handle_user_exception(e)
  File "/Library/Frameworks/Python.framework/Versions/3.10/lib/python3.10/site-packages/flask/app.py", line 1523, in full_dispatch_request
    rv = self.dispatch_request()
  File "/Library/Frameworks/Python.framework/Versions/3.10/lib/python3.10/site-packages/flask/app.py", line 1509, in dispatch_request
    return self.ensure_sync(self.view_functions[rule.endpoint])(**req.view_args)
  File "/Users/nellikadocnikova/Desktop/lesson12_project_source_v3-master/loader/views.py", line 10, in create_new_post_page
    return render_template(post_form.html)
NameError: name 'post_form' is not defined
INFO:werkzeug:127.0.0.1 - - [22/May/2022 15:24:28] "[35m[1mGET /post HTTP/1.1[0m" 500 -
INFO:root:Выполняется поиск
ERROR:app:Exception on /search [GET]
Traceback (most recent call last):
  File "/Library/Frameworks/Python.framework/Versions/3.10/lib/python3.10/site-packages/flask/app.py", line 2077, in wsgi_app
    response = self.full_dispatch_request()
  File "/Library/Frameworks/Python.framework/Versions/3.10/lib/python3.10/site-packages/flask/app.py", line 1525, in full_dispatch_request
    rv = self.handle_user_exception(e)
  File "/Library/Frameworks/Python.framework/Versions/3.10/lib/python3.10/site-packages/flask/app.py", line 1523, in full_dispatch_request
    rv = self.dispatch_request()
  File "/Library/Frameworks/Python.framework/Versions/3.10/lib/python3.10/site-packages/flask/app.py", line 1509, in dispatch_request
    return self.ensure_sync(self.view_functions[rule.endpoint])(**req.view_args)
  File "/Users/nellikadocnikova/Desktop/lesson12_project_source_v3-master/main/views.py", line 26, in search_page
    return render_template("post_list.html", posts=filtered_posts, s=s)
  File "/Library/Frameworks/Python.framework/Versions/3.10/lib/python3.10/site-packages/flask/templating.py", line 149, in render_template
    ctx.app.jinja_env.get_or_select_template(template_name_or_list),
  File "/Library/Frameworks/Python.framework/Versions/3.10/lib/python3.10/site-packages/jinja2/environment.py", line 1081, in get_or_select_template
    return self.get_template(template_name_or_list, parent, globals)
  File "/Library/Frameworks/Python.framework/Versions/3.10/lib/python3.10/site-packages/jinja2/environment.py", line 1010, in get_template
    return self._load_template(name, globals)
  File "/Library/Frameworks/Python.framework/Versions/3.10/lib/python3.10/site-packages/jinja2/environment.py", line 969, in _load_template
    template = self.loader.load(self, name, self.make_globals(globals))
  File "/Library/Frameworks/Python.framework/Versions/3.10/lib/python3.10/site-packages/jinja2/loaders.py", line 138, in load
    code = environment.compile(source, name, filename)
  File "/Library/Frameworks/Python.framework/Versions/3.10/lib/python3.10/site-packages/jinja2/environment.py", line 768, in compile
    self.handle_exception(source=source_hint)
  File "/Library/Frameworks/Python.framework/Versions/3.10/lib/python3.10/site-packages/jinja2/environment.py", line 936, in handle_exception
    raise rewrite_traceback_stack(source=source)
  File "/Users/nellikadocnikova/Desktop/lesson12_project_source_v3-master/main/templates/post_list.html", line 22, in template
    {% andfor %}
jinja2.exceptions.TemplateSyntaxError: Encountered unknown tag 'andfor'. Jinja was looking for the following tags: 'endfor' or 'else'. The innermost block that needs to be closed is 'for'.
INFO:werkzeug:127.0.0.1 - - [22/May/2022 15:25:02] "[35m[1mGET /search?s=Ага HTTP/1.1[0m" 500 -
INFO:root:Выполняется поиск
ERROR:app:Exception on /search [GET]
Traceback (most recent call last):
  File "/Library/Frameworks/Python.framework/Versions/3.10/lib/python3.10/site-packages/flask/app.py", line 2077, in wsgi_app
    response = self.full_dispatch_request()
  File "/Library/Frameworks/Python.framework/Versions/3.10/lib/python3.10/site-packages/flask/app.py", line 1525, in full_dispatch_request
    rv = self.handle_user_exception(e)
  File "/Library/Frameworks/Python.framework/Versions/3.10/lib/python3.10/site-packages/flask/app.py", line 1523, in full_dispatch_request
    rv = self.dispatch_request()
  File "/Library/Frameworks/Python.framework/Versions/3.10/lib/python3.10/site-packages/flask/app.py", line 1509, in dispatch_request
    return self.ensure_sync(self.view_functions[rule.endpoint])(**req.view_args)
  File "/Users/nellikadocnikova/Desktop/lesson12_project_source_v3-master/main/views.py", line 26, in search_page
    return render_template("post_list.html", posts=filtered_posts, s=s)
  File "/Library/Frameworks/Python.framework/Versions/3.10/lib/python3.10/site-packages/flask/templating.py", line 149, in render_template
    ctx.app.jinja_env.get_or_select_template(template_name_or_list),
  File "/Library/Frameworks/Python.framework/Versions/3.10/lib/python3.10/site-packages/jinja2/environment.py", line 1081, in get_or_select_template
    return self.get_template(template_name_or_list, parent, globals)
  File "/Library/Frameworks/Python.framework/Versions/3.10/lib/python3.10/site-packages/jinja2/environment.py", line 1010, in get_template
    return self._load_template(name, globals)
  File "/Library/Frameworks/Python.framework/Versions/3.10/lib/python3.10/site-packages/jinja2/environment.py", line 969, in _load_template
    template = self.loader.load(self, name, self.make_globals(globals))
  File "/Library/Frameworks/Python.framework/Versions/3.10/lib/python3.10/site-packages/jinja2/loaders.py", line 138, in load
    code = environment.compile(source, name, filename)
  File "/Library/Frameworks/Python.framework/Versions/3.10/lib/python3.10/site-packages/jinja2/environment.py", line 768, in compile
    self.handle_exception(source=source_hint)
  File "/Library/Frameworks/Python.framework/Versions/3.10/lib/python3.10/site-packages/jinja2/environment.py", line 936, in handle_exception
    raise rewrite_traceback_stack(source=source)
  File "/Users/nellikadocnikova/Desktop/lesson12_project_source_v3-master/main/templates/post_list.html", line 22, in template
    {% andfor %}
jinja2.exceptions.TemplateSyntaxError: Encountered unknown tag 'andfor'. Jinja was looking for the following tags: 'endfor' or 'else'. The innermost block that needs to be closed is 'for'.
INFO:werkzeug:127.0.0.1 - - [22/May/2022 15:25:08] "[35m[1mGET /search?s=Ага HTTP/1.1[0m" 500 -
INFO:root:Открытие главной страницы
INFO:werkzeug:127.0.0.1 - - [22/May/2022 15:25:11] "GET / HTTP/1.1" 200 -
INFO:werkzeug:127.0.0.1 - - [22/May/2022 15:25:11] "[36mGET /static/style.css HTTP/1.1[0m" 304 -
ERROR:app:Exception on /post [GET]
Traceback (most recent call last):
  File "/Library/Frameworks/Python.framework/Versions/3.10/lib/python3.10/site-packages/flask/app.py", line 2077, in wsgi_app
    response = self.full_dispatch_request()
  File "/Library/Frameworks/Python.framework/Versions/3.10/lib/python3.10/site-packages/flask/app.py", line 1525, in full_dispatch_request
    rv = self.handle_user_exception(e)
  File "/Library/Frameworks/Python.framework/Versions/3.10/lib/python3.10/site-packages/flask/app.py", line 1523, in full_dispatch_request
    rv = self.dispatch_request()
  File "/Library/Frameworks/Python.framework/Versions/3.10/lib/python3.10/site-packages/flask/app.py", line 1509, in dispatch_request
    return self.ensure_sync(self.view_functions[rule.endpoint])(**req.view_args)
  File "/Users/nellikadocnikova/Desktop/lesson12_project_source_v3-master/loader/views.py", line 10, in create_new_post_page
    return render_template(post_form.html)
NameError: name 'post_form' is not defined
INFO:werkzeug:127.0.0.1 - - [22/May/2022 15:25:12] "[35m[1mGET /post HTTP/1.1[0m" 500 -
INFO:root:Выполняется поиск
ERROR:app:Exception on /search [GET]
Traceback (most recent call last):
  File "/Library/Frameworks/Python.framework/Versions/3.10/lib/python3.10/site-packages/flask/app.py", line 2077, in wsgi_app
    response = self.full_dispatch_request()
  File "/Library/Frameworks/Python.framework/Versions/3.10/lib/python3.10/site-packages/flask/app.py", line 1525, in full_dispatch_request
    rv = self.handle_user_exception(e)
  File "/Library/Frameworks/Python.framework/Versions/3.10/lib/python3.10/site-packages/flask/app.py", line 1523, in full_dispatch_request
    rv = self.dispatch_request()
  File "/Library/Frameworks/Python.framework/Versions/3.10/lib/python3.10/site-packages/flask/app.py", line 1509, in dispatch_request
    return self.ensure_sync(self.view_functions[rule.endpoint])(**req.view_args)
  File "/Users/nellikadocnikova/Desktop/lesson12_project_source_v3-master/main/views.py", line 26, in search_page
    return render_template("post_list.html", posts=filtered_posts, s=s)
  File "/Library/Frameworks/Python.framework/Versions/3.10/lib/python3.10/site-packages/flask/templating.py", line 149, in render_template
    ctx.app.jinja_env.get_or_select_template(template_name_or_list),
  File "/Library/Frameworks/Python.framework/Versions/3.10/lib/python3.10/site-packages/jinja2/environment.py", line 1081, in get_or_select_template
    return self.get_template(template_name_or_list, parent, globals)
  File "/Library/Frameworks/Python.framework/Versions/3.10/lib/python3.10/site-packages/jinja2/environment.py", line 1010, in get_template
    return self._load_template(name, globals)
  File "/Library/Frameworks/Python.framework/Versions/3.10/lib/python3.10/site-packages/jinja2/environment.py", line 969, in _load_template
    template = self.loader.load(self, name, self.make_globals(globals))
  File "/Library/Frameworks/Python.framework/Versions/3.10/lib/python3.10/site-packages/jinja2/loaders.py", line 138, in load
    code = environment.compile(source, name, filename)
  File "/Library/Frameworks/Python.framework/Versions/3.10/lib/python3.10/site-packages/jinja2/environment.py", line 768, in compile
    self.handle_exception(source=source_hint)
  File "/Library/Frameworks/Python.framework/Versions/3.10/lib/python3.10/site-packages/jinja2/environment.py", line 936, in handle_exception
    raise rewrite_traceback_stack(source=source)
  File "/Users/nellikadocnikova/Desktop/lesson12_project_source_v3-master/main/templates/post_list.html", line 22, in template
    {% andfor %}
jinja2.exceptions.TemplateSyntaxError: Encountered unknown tag 'andfor'. Jinja was looking for the following tags: 'endfor' or 'else'. The innermost block that needs to be closed is 'for'.
INFO:werkzeug:127.0.0.1 - - [22/May/2022 15:25:16] "[35m[1mGET /search?s=ага HTTP/1.1[0m" 500 -
INFO:root:Открытие главной страницы
INFO:werkzeug:127.0.0.1 - - [22/May/2022 15:29:54] "GET / HTTP/1.1" 200 -
INFO:werkzeug:127.0.0.1 - - [22/May/2022 15:29:54] "[36mGET /static/style.css HTTP/1.1[0m" 304 -
INFO:root:Выполняется поиск
ERROR:app:Exception on /search [GET]
Traceback (most recent call last):
  File "/Library/Frameworks/Python.framework/Versions/3.10/lib/python3.10/site-packages/flask/app.py", line 2077, in wsgi_app
    response = self.full_dispatch_request()
  File "/Library/Frameworks/Python.framework/Versions/3.10/lib/python3.10/site-packages/flask/app.py", line 1525, in full_dispatch_request
    rv = self.handle_user_exception(e)
  File "/Library/Frameworks/Python.framework/Versions/3.10/lib/python3.10/site-packages/flask/app.py", line 1523, in full_dispatch_request
    rv = self.dispatch_request()
  File "/Library/Frameworks/Python.framework/Versions/3.10/lib/python3.10/site-packages/flask/app.py", line 1509, in dispatch_request
    return self.ensure_sync(self.view_functions[rule.endpoint])(**req.view_args)
  File "/Users/nellikadocnikova/Desktop/lesson12_project_source_v3-master/main/views.py", line 26, in search_page
    return render_template("post_list.html", posts=filtered_posts, s=s)
  File "/Library/Frameworks/Python.framework/Versions/3.10/lib/python3.10/site-packages/flask/templating.py", line 149, in render_template
    ctx.app.jinja_env.get_or_select_template(template_name_or_list),
  File "/Library/Frameworks/Python.framework/Versions/3.10/lib/python3.10/site-packages/jinja2/environment.py", line 1081, in get_or_select_template
    return self.get_template(template_name_or_list, parent, globals)
  File "/Library/Frameworks/Python.framework/Versions/3.10/lib/python3.10/site-packages/jinja2/environment.py", line 1010, in get_template
    return self._load_template(name, globals)
  File "/Library/Frameworks/Python.framework/Versions/3.10/lib/python3.10/site-packages/jinja2/environment.py", line 969, in _load_template
    template = self.loader.load(self, name, self.make_globals(globals))
  File "/Library/Frameworks/Python.framework/Versions/3.10/lib/python3.10/site-packages/jinja2/loaders.py", line 138, in load
    code = environment.compile(source, name, filename)
  File "/Library/Frameworks/Python.framework/Versions/3.10/lib/python3.10/site-packages/jinja2/environment.py", line 768, in compile
    self.handle_exception(source=source_hint)
  File "/Library/Frameworks/Python.framework/Versions/3.10/lib/python3.10/site-packages/jinja2/environment.py", line 936, in handle_exception
    raise rewrite_traceback_stack(source=source)
  File "/Users/nellikadocnikova/Desktop/lesson12_project_source_v3-master/main/templates/post_list.html", line 22, in template
    {% andfor %}
jinja2.exceptions.TemplateSyntaxError: Encountered unknown tag 'andfor'. Jinja was looking for the following tags: 'endfor' or 'else'. The innermost block that needs to be closed is 'for'.
INFO:werkzeug:127.0.0.1 - - [22/May/2022 15:30:00] "[35m[1mGET /search?s=Ага HTTP/1.1[0m" 500 -
ERROR:app:Exception on /post [GET]
Traceback (most recent call last):
  File "/Library/Frameworks/Python.framework/Versions/3.10/lib/python3.10/site-packages/flask/app.py", line 2077, in wsgi_app
    response = self.full_dispatch_request()
  File "/Library/Frameworks/Python.framework/Versions/3.10/lib/python3.10/site-packages/flask/app.py", line 1525, in full_dispatch_request
    rv = self.handle_user_exception(e)
  File "/Library/Frameworks/Python.framework/Versions/3.10/lib/python3.10/site-packages/flask/app.py", line 1523, in full_dispatch_request
    rv = self.dispatch_request()
  File "/Library/Frameworks/Python.framework/Versions/3.10/lib/python3.10/site-packages/flask/app.py", line 1509, in dispatch_request
    return self.ensure_sync(self.view_functions[rule.endpoint])(**req.view_args)
  File "/Users/nellikadocnikova/Desktop/lesson12_project_source_v3-master/loader/views.py", line 10, in create_new_post_page
    return render_template(post_form.html)
NameError: name 'post_form' is not defined
INFO:werkzeug:127.0.0.1 - - [22/May/2022 15:30:05] "[35m[1mGET /post HTTP/1.1[0m" 500 -
INFO:werkzeug: * Running on http://127.0.0.1:5000 (Press CTRL+C to quit)
INFO:werkzeug: * Running on http://127.0.0.1:5000 (Press CTRL+C to quit)
INFO:root:Открытие главной страницы
INFO:werkzeug:127.0.0.1 - - [22/May/2022 15:56:05] "GET / HTTP/1.1" 200 -
INFO:werkzeug:127.0.0.1 - - [22/May/2022 15:56:05] "[36mGET /static/style.css HTTP/1.1[0m" 304 -
INFO:root:Выполняется поиск
ERROR:app:Exception on /search [GET]
Traceback (most recent call last):
  File "/Library/Frameworks/Python.framework/Versions/3.10/lib/python3.10/site-packages/flask/app.py", line 2077, in wsgi_app
    response = self.full_dispatch_request()
  File "/Library/Frameworks/Python.framework/Versions/3.10/lib/python3.10/site-packages/flask/app.py", line 1525, in full_dispatch_request
    rv = self.handle_user_exception(e)
  File "/Library/Frameworks/Python.framework/Versions/3.10/lib/python3.10/site-packages/flask/app.py", line 1523, in full_dispatch_request
    rv = self.dispatch_request()
  File "/Library/Frameworks/Python.framework/Versions/3.10/lib/python3.10/site-packages/flask/app.py", line 1509, in dispatch_request
    return self.ensure_sync(self.view_functions[rule.endpoint])(**req.view_args)
  File "/Users/nellikadocnikova/Desktop/lesson12_project_source_v3-master/main/views.py", line 26, in search_page
    return render_template("post_list.html", posts=filtered_posts, s=s)
  File "/Library/Frameworks/Python.framework/Versions/3.10/lib/python3.10/site-packages/flask/templating.py", line 149, in render_template
    ctx.app.jinja_env.get_or_select_template(template_name_or_list),
  File "/Library/Frameworks/Python.framework/Versions/3.10/lib/python3.10/site-packages/jinja2/environment.py", line 1081, in get_or_select_template
    return self.get_template(template_name_or_list, parent, globals)
  File "/Library/Frameworks/Python.framework/Versions/3.10/lib/python3.10/site-packages/jinja2/environment.py", line 1010, in get_template
    return self._load_template(name, globals)
  File "/Library/Frameworks/Python.framework/Versions/3.10/lib/python3.10/site-packages/jinja2/environment.py", line 969, in _load_template
    template = self.loader.load(self, name, self.make_globals(globals))
  File "/Library/Frameworks/Python.framework/Versions/3.10/lib/python3.10/site-packages/jinja2/loaders.py", line 138, in load
    code = environment.compile(source, name, filename)
  File "/Library/Frameworks/Python.framework/Versions/3.10/lib/python3.10/site-packages/jinja2/environment.py", line 768, in compile
    self.handle_exception(source=source_hint)
  File "/Library/Frameworks/Python.framework/Versions/3.10/lib/python3.10/site-packages/jinja2/environment.py", line 936, in handle_exception
    raise rewrite_traceback_stack(source=source)
  File "/Users/nellikadocnikova/Desktop/lesson12_project_source_v3-master/main/templates/post_list.html", line 22, in template
    {% andfor %}
jinja2.exceptions.TemplateSyntaxError: Encountered unknown tag 'andfor'. Jinja was looking for the following tags: 'endfor' or 'else'. The innermost block that needs to be closed is 'for'.
INFO:werkzeug:127.0.0.1 - - [22/May/2022 15:56:09] "[35m[1mGET /search?s=Ага HTTP/1.1[0m" 500 -
INFO:root:Выполняется поиск
ERROR:app:Exception on /search [GET]
Traceback (most recent call last):
  File "/Library/Frameworks/Python.framework/Versions/3.10/lib/python3.10/site-packages/flask/app.py", line 2077, in wsgi_app
    response = self.full_dispatch_request()
  File "/Library/Frameworks/Python.framework/Versions/3.10/lib/python3.10/site-packages/flask/app.py", line 1525, in full_dispatch_request
    rv = self.handle_user_exception(e)
  File "/Library/Frameworks/Python.framework/Versions/3.10/lib/python3.10/site-packages/flask/app.py", line 1523, in full_dispatch_request
    rv = self.dispatch_request()
  File "/Library/Frameworks/Python.framework/Versions/3.10/lib/python3.10/site-packages/flask/app.py", line 1509, in dispatch_request
    return self.ensure_sync(self.view_functions[rule.endpoint])(**req.view_args)
  File "/Users/nellikadocnikova/Desktop/lesson12_project_source_v3-master/main/views.py", line 26, in search_page
    return render_template("post_list.html", posts=filtered_posts, s=s)
  File "/Library/Frameworks/Python.framework/Versions/3.10/lib/python3.10/site-packages/flask/templating.py", line 149, in render_template
    ctx.app.jinja_env.get_or_select_template(template_name_or_list),
  File "/Library/Frameworks/Python.framework/Versions/3.10/lib/python3.10/site-packages/jinja2/environment.py", line 1081, in get_or_select_template
    return self.get_template(template_name_or_list, parent, globals)
  File "/Library/Frameworks/Python.framework/Versions/3.10/lib/python3.10/site-packages/jinja2/environment.py", line 1010, in get_template
    return self._load_template(name, globals)
  File "/Library/Frameworks/Python.framework/Versions/3.10/lib/python3.10/site-packages/jinja2/environment.py", line 969, in _load_template
    template = self.loader.load(self, name, self.make_globals(globals))
  File "/Library/Frameworks/Python.framework/Versions/3.10/lib/python3.10/site-packages/jinja2/loaders.py", line 138, in load
    code = environment.compile(source, name, filename)
  File "/Library/Frameworks/Python.framework/Versions/3.10/lib/python3.10/site-packages/jinja2/environment.py", line 768, in compile
    self.handle_exception(source=source_hint)
  File "/Library/Frameworks/Python.framework/Versions/3.10/lib/python3.10/site-packages/jinja2/environment.py", line 936, in handle_exception
    raise rewrite_traceback_stack(source=source)
  File "/Users/nellikadocnikova/Desktop/lesson12_project_source_v3-master/main/templates/post_list.html", line 22, in template
    {% andfor %}
jinja2.exceptions.TemplateSyntaxError: Encountered unknown tag 'andfor'. Jinja was looking for the following tags: 'endfor' or 'else'. The innermost block that needs to be closed is 'for'.
INFO:werkzeug:127.0.0.1 - - [22/May/2022 15:57:10] "[35m[1mGET /search?s=Утром HTTP/1.1[0m" 500 -
INFO:werkzeug:127.0.0.1 - - [22/May/2022 15:57:20] "[33mGET /1 HTTP/1.1[0m" 404 -
INFO:root:Открытие главной страницы
INFO:werkzeug:127.0.0.1 - - [22/May/2022 15:57:27] "GET / HTTP/1.1" 200 -
INFO:werkzeug:127.0.0.1 - - [22/May/2022 15:57:27] "[36mGET /static/style.css HTTP/1.1[0m" 304 -
ERROR:app:Exception on /post [GET]
Traceback (most recent call last):
  File "/Library/Frameworks/Python.framework/Versions/3.10/lib/python3.10/site-packages/flask/app.py", line 2077, in wsgi_app
    response = self.full_dispatch_request()
  File "/Library/Frameworks/Python.framework/Versions/3.10/lib/python3.10/site-packages/flask/app.py", line 1525, in full_dispatch_request
    rv = self.handle_user_exception(e)
  File "/Library/Frameworks/Python.framework/Versions/3.10/lib/python3.10/site-packages/flask/app.py", line 1523, in full_dispatch_request
    rv = self.dispatch_request()
  File "/Library/Frameworks/Python.framework/Versions/3.10/lib/python3.10/site-packages/flask/app.py", line 1509, in dispatch_request
    return self.ensure_sync(self.view_functions[rule.endpoint])(**req.view_args)
  File "/Users/nellikadocnikova/Desktop/lesson12_project_source_v3-master/loader/views.py", line 10, in create_new_post_page
    return render_template(post_form.html)
NameError: name 'post_form' is not defined
INFO:werkzeug:127.0.0.1 - - [22/May/2022 15:57:37] "[35m[1mGET /post HTTP/1.1[0m" 500 -
INFO:werkzeug: * Running on http://127.0.0.1:5000 (Press CTRL+C to quit)
ERROR:app:Exception on /post [GET]
Traceback (most recent call last):
  File "/Library/Frameworks/Python.framework/Versions/3.10/lib/python3.10/site-packages/flask/app.py", line 2077, in wsgi_app
    response = self.full_dispatch_request()
  File "/Library/Frameworks/Python.framework/Versions/3.10/lib/python3.10/site-packages/flask/app.py", line 1525, in full_dispatch_request
    rv = self.handle_user_exception(e)
  File "/Library/Frameworks/Python.framework/Versions/3.10/lib/python3.10/site-packages/flask/app.py", line 1523, in full_dispatch_request
    rv = self.dispatch_request()
  File "/Library/Frameworks/Python.framework/Versions/3.10/lib/python3.10/site-packages/flask/app.py", line 1509, in dispatch_request
    return self.ensure_sync(self.view_functions[rule.endpoint])(**req.view_args)
  File "/Users/nellikadocnikova/Desktop/lesson12_project_source_v3-master/loader/views.py", line 12, in create_new_post_page
    return render_template(post_form.html)
NameError: name 'post_form' is not defined
INFO:werkzeug:127.0.0.1 - - [22/May/2022 19:08:24] "[35m[1mGET /post HTTP/1.1[0m" 500 -
ERROR:app:Exception on /post [GET]
Traceback (most recent call last):
  File "/Library/Frameworks/Python.framework/Versions/3.10/lib/python3.10/site-packages/flask/app.py", line 2077, in wsgi_app
    response = self.full_dispatch_request()
  File "/Library/Frameworks/Python.framework/Versions/3.10/lib/python3.10/site-packages/flask/app.py", line 1525, in full_dispatch_request
    rv = self.handle_user_exception(e)
  File "/Library/Frameworks/Python.framework/Versions/3.10/lib/python3.10/site-packages/flask/app.py", line 1523, in full_dispatch_request
    rv = self.dispatch_request()
  File "/Library/Frameworks/Python.framework/Versions/3.10/lib/python3.10/site-packages/flask/app.py", line 1509, in dispatch_request
    return self.ensure_sync(self.view_functions[rule.endpoint])(**req.view_args)
  File "/Users/nellikadocnikova/Desktop/lesson12_project_source_v3-master/loader/views.py", line 12, in create_new_post_page
    return render_template(post_form.html)
NameError: name 'post_form' is not defined
INFO:werkzeug:127.0.0.1 - - [22/May/2022 19:08:28] "[35m[1mGET /post HTTP/1.1[0m" 500 -
INFO:root:Выполняется поиск
ERROR:app:Exception on /search [GET]
Traceback (most recent call last):
  File "/Library/Frameworks/Python.framework/Versions/3.10/lib/python3.10/site-packages/flask/app.py", line 2077, in wsgi_app
    response = self.full_dispatch_request()
  File "/Library/Frameworks/Python.framework/Versions/3.10/lib/python3.10/site-packages/flask/app.py", line 1525, in full_dispatch_request
    rv = self.handle_user_exception(e)
  File "/Library/Frameworks/Python.framework/Versions/3.10/lib/python3.10/site-packages/flask/app.py", line 1523, in full_dispatch_request
    rv = self.dispatch_request()
  File "/Library/Frameworks/Python.framework/Versions/3.10/lib/python3.10/site-packages/flask/app.py", line 1509, in dispatch_request
    return self.ensure_sync(self.view_functions[rule.endpoint])(**req.view_args)
  File "/Users/nellikadocnikova/Desktop/lesson12_project_source_v3-master/main/views.py", line 26, in search_page
    return render_template("post_list.html", posts=filtered_posts, s=s)
  File "/Library/Frameworks/Python.framework/Versions/3.10/lib/python3.10/site-packages/flask/templating.py", line 149, in render_template
    ctx.app.jinja_env.get_or_select_template(template_name_or_list),
  File "/Library/Frameworks/Python.framework/Versions/3.10/lib/python3.10/site-packages/jinja2/environment.py", line 1081, in get_or_select_template
    return self.get_template(template_name_or_list, parent, globals)
  File "/Library/Frameworks/Python.framework/Versions/3.10/lib/python3.10/site-packages/jinja2/environment.py", line 1010, in get_template
    return self._load_template(name, globals)
  File "/Library/Frameworks/Python.framework/Versions/3.10/lib/python3.10/site-packages/jinja2/environment.py", line 969, in _load_template
    template = self.loader.load(self, name, self.make_globals(globals))
  File "/Library/Frameworks/Python.framework/Versions/3.10/lib/python3.10/site-packages/jinja2/loaders.py", line 138, in load
    code = environment.compile(source, name, filename)
  File "/Library/Frameworks/Python.framework/Versions/3.10/lib/python3.10/site-packages/jinja2/environment.py", line 768, in compile
    self.handle_exception(source=source_hint)
  File "/Library/Frameworks/Python.framework/Versions/3.10/lib/python3.10/site-packages/jinja2/environment.py", line 936, in handle_exception
    raise rewrite_traceback_stack(source=source)
  File "/Users/nellikadocnikova/Desktop/lesson12_project_source_v3-master/main/templates/post_list.html", line 22, in template
    {% andfor %}
jinja2.exceptions.TemplateSyntaxError: Encountered unknown tag 'andfor'. Jinja was looking for the following tags: 'endfor' or 'else'. The innermost block that needs to be closed is 'for'.
INFO:werkzeug:127.0.0.1 - - [22/May/2022 19:08:30] "[35m[1mGET /search?s=Ага HTTP/1.1[0m" 500 -
INFO:root:Выполняется поиск
ERROR:app:Exception on /search [GET]
Traceback (most recent call last):
  File "/Library/Frameworks/Python.framework/Versions/3.10/lib/python3.10/site-packages/flask/app.py", line 2077, in wsgi_app
    response = self.full_dispatch_request()
  File "/Library/Frameworks/Python.framework/Versions/3.10/lib/python3.10/site-packages/flask/app.py", line 1525, in full_dispatch_request
    rv = self.handle_user_exception(e)
  File "/Library/Frameworks/Python.framework/Versions/3.10/lib/python3.10/site-packages/flask/app.py", line 1523, in full_dispatch_request
    rv = self.dispatch_request()
  File "/Library/Frameworks/Python.framework/Versions/3.10/lib/python3.10/site-packages/flask/app.py", line 1509, in dispatch_request
    return self.ensure_sync(self.view_functions[rule.endpoint])(**req.view_args)
  File "/Users/nellikadocnikova/Desktop/lesson12_project_source_v3-master/main/views.py", line 26, in search_page
    return render_template("post_list.html", posts=filtered_posts, s=s)
  File "/Library/Frameworks/Python.framework/Versions/3.10/lib/python3.10/site-packages/flask/templating.py", line 149, in render_template
    ctx.app.jinja_env.get_or_select_template(template_name_or_list),
  File "/Library/Frameworks/Python.framework/Versions/3.10/lib/python3.10/site-packages/jinja2/environment.py", line 1081, in get_or_select_template
    return self.get_template(template_name_or_list, parent, globals)
  File "/Library/Frameworks/Python.framework/Versions/3.10/lib/python3.10/site-packages/jinja2/environment.py", line 1010, in get_template
    return self._load_template(name, globals)
  File "/Library/Frameworks/Python.framework/Versions/3.10/lib/python3.10/site-packages/jinja2/environment.py", line 969, in _load_template
    template = self.loader.load(self, name, self.make_globals(globals))
  File "/Library/Frameworks/Python.framework/Versions/3.10/lib/python3.10/site-packages/jinja2/loaders.py", line 138, in load
    code = environment.compile(source, name, filename)
  File "/Library/Frameworks/Python.framework/Versions/3.10/lib/python3.10/site-packages/jinja2/environment.py", line 768, in compile
    self.handle_exception(source=source_hint)
  File "/Library/Frameworks/Python.framework/Versions/3.10/lib/python3.10/site-packages/jinja2/environment.py", line 936, in handle_exception
    raise rewrite_traceback_stack(source=source)
  File "/Users/nellikadocnikova/Desktop/lesson12_project_source_v3-master/main/templates/post_list.html", line 22, in template
    {% andfor %}
jinja2.exceptions.TemplateSyntaxError: Encountered unknown tag 'andfor'. Jinja was looking for the following tags: 'endfor' or 'else'. The innermost block that needs to be closed is 'for'.
INFO:werkzeug:127.0.0.1 - - [22/May/2022 19:09:13] "[35m[1mGET /search?s=Ага HTTP/1.1[0m" 500 -
INFO:root:Выполняется поиск
ERROR:app:Exception on /search [GET]
Traceback (most recent call last):
  File "/Library/Frameworks/Python.framework/Versions/3.10/lib/python3.10/site-packages/flask/app.py", line 2077, in wsgi_app
    response = self.full_dispatch_request()
  File "/Library/Frameworks/Python.framework/Versions/3.10/lib/python3.10/site-packages/flask/app.py", line 1525, in full_dispatch_request
    rv = self.handle_user_exception(e)
  File "/Library/Frameworks/Python.framework/Versions/3.10/lib/python3.10/site-packages/flask/app.py", line 1523, in full_dispatch_request
    rv = self.dispatch_request()
  File "/Library/Frameworks/Python.framework/Versions/3.10/lib/python3.10/site-packages/flask/app.py", line 1509, in dispatch_request
    return self.ensure_sync(self.view_functions[rule.endpoint])(**req.view_args)
  File "/Users/nellikadocnikova/Desktop/lesson12_project_source_v3-master/main/views.py", line 26, in search_page
    return render_template("post_list.html", posts=filtered_posts, s=s)
  File "/Library/Frameworks/Python.framework/Versions/3.10/lib/python3.10/site-packages/flask/templating.py", line 149, in render_template
    ctx.app.jinja_env.get_or_select_template(template_name_or_list),
  File "/Library/Frameworks/Python.framework/Versions/3.10/lib/python3.10/site-packages/jinja2/environment.py", line 1081, in get_or_select_template
    return self.get_template(template_name_or_list, parent, globals)
  File "/Library/Frameworks/Python.framework/Versions/3.10/lib/python3.10/site-packages/jinja2/environment.py", line 1010, in get_template
    return self._load_template(name, globals)
  File "/Library/Frameworks/Python.framework/Versions/3.10/lib/python3.10/site-packages/jinja2/environment.py", line 969, in _load_template
    template = self.loader.load(self, name, self.make_globals(globals))
  File "/Library/Frameworks/Python.framework/Versions/3.10/lib/python3.10/site-packages/jinja2/loaders.py", line 138, in load
    code = environment.compile(source, name, filename)
  File "/Library/Frameworks/Python.framework/Versions/3.10/lib/python3.10/site-packages/jinja2/environment.py", line 768, in compile
    self.handle_exception(source=source_hint)
  File "/Library/Frameworks/Python.framework/Versions/3.10/lib/python3.10/site-packages/jinja2/environment.py", line 936, in handle_exception
    raise rewrite_traceback_stack(source=source)
  File "/Users/nellikadocnikova/Desktop/lesson12_project_source_v3-master/main/templates/post_list.html", line 22, in template
    {% andfor %}
jinja2.exceptions.TemplateSyntaxError: Encountered unknown tag 'andfor'. Jinja was looking for the following tags: 'endfor' or 'else'. The innermost block that needs to be closed is 'for'.
INFO:werkzeug:127.0.0.1 - - [22/May/2022 19:09:23] "[35m[1mGET /search?s=Ага HTTP/1.1[0m" 500 -
INFO:root:Выполняется поиск
ERROR:app:Exception on /search [GET]
Traceback (most recent call last):
  File "/Library/Frameworks/Python.framework/Versions/3.10/lib/python3.10/site-packages/flask/app.py", line 2077, in wsgi_app
    response = self.full_dispatch_request()
  File "/Library/Frameworks/Python.framework/Versions/3.10/lib/python3.10/site-packages/flask/app.py", line 1525, in full_dispatch_request
    rv = self.handle_user_exception(e)
  File "/Library/Frameworks/Python.framework/Versions/3.10/lib/python3.10/site-packages/flask/app.py", line 1523, in full_dispatch_request
    rv = self.dispatch_request()
  File "/Library/Frameworks/Python.framework/Versions/3.10/lib/python3.10/site-packages/flask/app.py", line 1509, in dispatch_request
    return self.ensure_sync(self.view_functions[rule.endpoint])(**req.view_args)
  File "/Users/nellikadocnikova/Desktop/lesson12_project_source_v3-master/main/views.py", line 26, in search_page
    return render_template("post_list.html", posts=filtered_posts, s=s)
  File "/Library/Frameworks/Python.framework/Versions/3.10/lib/python3.10/site-packages/flask/templating.py", line 149, in render_template
    ctx.app.jinja_env.get_or_select_template(template_name_or_list),
  File "/Library/Frameworks/Python.framework/Versions/3.10/lib/python3.10/site-packages/jinja2/environment.py", line 1081, in get_or_select_template
    return self.get_template(template_name_or_list, parent, globals)
  File "/Library/Frameworks/Python.framework/Versions/3.10/lib/python3.10/site-packages/jinja2/environment.py", line 1010, in get_template
    return self._load_template(name, globals)
  File "/Library/Frameworks/Python.framework/Versions/3.10/lib/python3.10/site-packages/jinja2/environment.py", line 969, in _load_template
    template = self.loader.load(self, name, self.make_globals(globals))
  File "/Library/Frameworks/Python.framework/Versions/3.10/lib/python3.10/site-packages/jinja2/loaders.py", line 138, in load
    code = environment.compile(source, name, filename)
  File "/Library/Frameworks/Python.framework/Versions/3.10/lib/python3.10/site-packages/jinja2/environment.py", line 768, in compile
    self.handle_exception(source=source_hint)
  File "/Library/Frameworks/Python.framework/Versions/3.10/lib/python3.10/site-packages/jinja2/environment.py", line 936, in handle_exception
    raise rewrite_traceback_stack(source=source)
  File "/Users/nellikadocnikova/Desktop/lesson12_project_source_v3-master/main/templates/post_list.html", line 22, in template
    {% andfor %}
jinja2.exceptions.TemplateSyntaxError: Encountered unknown tag 'andfor'. Jinja was looking for the following tags: 'endfor' or 'else'. The innermost block that needs to be closed is 'for'.
INFO:werkzeug:127.0.0.1 - - [22/May/2022 19:10:58] "[35m[1mGET /search?s=Ага HTTP/1.1[0m" 500 -
INFO:root:Открытие главной страницы
INFO:werkzeug:127.0.0.1 - - [22/May/2022 20:17:03] "GET / HTTP/1.1" 200 -
INFO:werkzeug:127.0.0.1 - - [22/May/2022 20:17:03] "[36mGET /static/style.css HTTP/1.1[0m" 304 -
INFO:root:Выполняется поиск
ERROR:app:Exception on /search [GET]
Traceback (most recent call last):
  File "/Library/Frameworks/Python.framework/Versions/3.10/lib/python3.10/site-packages/flask/app.py", line 2077, in wsgi_app
    response = self.full_dispatch_request()
  File "/Library/Frameworks/Python.framework/Versions/3.10/lib/python3.10/site-packages/flask/app.py", line 1525, in full_dispatch_request
    rv = self.handle_user_exception(e)
  File "/Library/Frameworks/Python.framework/Versions/3.10/lib/python3.10/site-packages/flask/app.py", line 1523, in full_dispatch_request
    rv = self.dispatch_request()
  File "/Library/Frameworks/Python.framework/Versions/3.10/lib/python3.10/site-packages/flask/app.py", line 1509, in dispatch_request
    return self.ensure_sync(self.view_functions[rule.endpoint])(**req.view_args)
  File "/Users/nellikadocnikova/Desktop/lesson12_project_source_v3-master/main/views.py", line 26, in search_page
    return render_template("post_list.html", posts=filtered_posts, s=s)
  File "/Library/Frameworks/Python.framework/Versions/3.10/lib/python3.10/site-packages/flask/templating.py", line 149, in render_template
    ctx.app.jinja_env.get_or_select_template(template_name_or_list),
  File "/Library/Frameworks/Python.framework/Versions/3.10/lib/python3.10/site-packages/jinja2/environment.py", line 1081, in get_or_select_template
    return self.get_template(template_name_or_list, parent, globals)
  File "/Library/Frameworks/Python.framework/Versions/3.10/lib/python3.10/site-packages/jinja2/environment.py", line 1010, in get_template
    return self._load_template(name, globals)
  File "/Library/Frameworks/Python.framework/Versions/3.10/lib/python3.10/site-packages/jinja2/environment.py", line 969, in _load_template
    template = self.loader.load(self, name, self.make_globals(globals))
  File "/Library/Frameworks/Python.framework/Versions/3.10/lib/python3.10/site-packages/jinja2/loaders.py", line 138, in load
    code = environment.compile(source, name, filename)
  File "/Library/Frameworks/Python.framework/Versions/3.10/lib/python3.10/site-packages/jinja2/environment.py", line 768, in compile
    self.handle_exception(source=source_hint)
  File "/Library/Frameworks/Python.framework/Versions/3.10/lib/python3.10/site-packages/jinja2/environment.py", line 936, in handle_exception
    raise rewrite_traceback_stack(source=source)
  File "/Users/nellikadocnikova/Desktop/lesson12_project_source_v3-master/main/templates/post_list.html", line 22, in template
    {% andfor %}
jinja2.exceptions.TemplateSyntaxError: Encountered unknown tag 'andfor'. Jinja was looking for the following tags: 'endfor' or 'else'. The innermost block that needs to be closed is 'for'.
INFO:werkzeug:127.0.0.1 - - [22/May/2022 20:17:06] "[35m[1mGET /search?s=Ага HTTP/1.1[0m" 500 -
ERROR:app:Exception on /post [GET]
Traceback (most recent call last):
  File "/Library/Frameworks/Python.framework/Versions/3.10/lib/python3.10/site-packages/flask/app.py", line 2077, in wsgi_app
    response = self.full_dispatch_request()
  File "/Library/Frameworks/Python.framework/Versions/3.10/lib/python3.10/site-packages/flask/app.py", line 1525, in full_dispatch_request
    rv = self.handle_user_exception(e)
  File "/Library/Frameworks/Python.framework/Versions/3.10/lib/python3.10/site-packages/flask/app.py", line 1523, in full_dispatch_request
    rv = self.dispatch_request()
  File "/Library/Frameworks/Python.framework/Versions/3.10/lib/python3.10/site-packages/flask/app.py", line 1509, in dispatch_request
    return self.ensure_sync(self.view_functions[rule.endpoint])(**req.view_args)
  File "/Users/nellikadocnikova/Desktop/lesson12_project_source_v3-master/loader/views.py", line 12, in create_new_post_page
    @loader_blueprint.route("/post", methods=["GET"])
NameError: name 'post_form' is not defined
INFO:werkzeug:127.0.0.1 - - [22/May/2022 20:20:47] "[35m[1mGET /post HTTP/1.1[0m" 500 -
INFO:root:Открытие главной страницы
INFO:werkzeug:127.0.0.1 - - [23/May/2022 22:05:53] "GET / HTTP/1.1" 200 -
INFO:werkzeug:127.0.0.1 - - [23/May/2022 22:05:53] "[36mGET /static/style.css HTTP/1.1[0m" 304 -
INFO:root:Выполняется поиск
ERROR:app:Exception on /search [GET]
Traceback (most recent call last):
  File "/Library/Frameworks/Python.framework/Versions/3.10/lib/python3.10/site-packages/flask/app.py", line 2077, in wsgi_app
    response = self.full_dispatch_request()
  File "/Library/Frameworks/Python.framework/Versions/3.10/lib/python3.10/site-packages/flask/app.py", line 1525, in full_dispatch_request
    rv = self.handle_user_exception(e)
  File "/Library/Frameworks/Python.framework/Versions/3.10/lib/python3.10/site-packages/flask/app.py", line 1523, in full_dispatch_request
    rv = self.dispatch_request()
  File "/Library/Frameworks/Python.framework/Versions/3.10/lib/python3.10/site-packages/flask/app.py", line 1509, in dispatch_request
    return self.ensure_sync(self.view_functions[rule.endpoint])(**req.view_args)
  File "/Users/nellikadocnikova/Desktop/lesson12_project_source_v3-master/main/views.py", line 26, in search_page
    return render_template("post_list.html", posts=filtered_posts, s=s)
  File "/Library/Frameworks/Python.framework/Versions/3.10/lib/python3.10/site-packages/flask/templating.py", line 149, in render_template
    ctx.app.jinja_env.get_or_select_template(template_name_or_list),
  File "/Library/Frameworks/Python.framework/Versions/3.10/lib/python3.10/site-packages/jinja2/environment.py", line 1081, in get_or_select_template
    return self.get_template(template_name_or_list, parent, globals)
  File "/Library/Frameworks/Python.framework/Versions/3.10/lib/python3.10/site-packages/jinja2/environment.py", line 1010, in get_template
    return self._load_template(name, globals)
  File "/Library/Frameworks/Python.framework/Versions/3.10/lib/python3.10/site-packages/jinja2/environment.py", line 969, in _load_template
    template = self.loader.load(self, name, self.make_globals(globals))
  File "/Library/Frameworks/Python.framework/Versions/3.10/lib/python3.10/site-packages/jinja2/loaders.py", line 138, in load
    code = environment.compile(source, name, filename)
  File "/Library/Frameworks/Python.framework/Versions/3.10/lib/python3.10/site-packages/jinja2/environment.py", line 768, in compile
    self.handle_exception(source=source_hint)
  File "/Library/Frameworks/Python.framework/Versions/3.10/lib/python3.10/site-packages/jinja2/environment.py", line 936, in handle_exception
    raise rewrite_traceback_stack(source=source)
  File "/Users/nellikadocnikova/Desktop/lesson12_project_source_v3-master/main/templates/post_list.html", line 22, in template
    {% andfor %}
jinja2.exceptions.TemplateSyntaxError: Encountered unknown tag 'andfor'. Jinja was looking for the following tags: 'endfor' or 'else'. The innermost block that needs to be closed is 'for'.
INFO:werkzeug:127.0.0.1 - - [23/May/2022 22:05:58] "[35m[1mGET /search?s=Ага HTTP/1.1[0m" 500 -
INFO:root:Выполняется поиск
ERROR:app:Exception on /search [GET]
Traceback (most recent call last):
  File "/Library/Frameworks/Python.framework/Versions/3.10/lib/python3.10/site-packages/flask/app.py", line 2077, in wsgi_app
    response = self.full_dispatch_request()
  File "/Library/Frameworks/Python.framework/Versions/3.10/lib/python3.10/site-packages/flask/app.py", line 1525, in full_dispatch_request
    rv = self.handle_user_exception(e)
  File "/Library/Frameworks/Python.framework/Versions/3.10/lib/python3.10/site-packages/flask/app.py", line 1523, in full_dispatch_request
    rv = self.dispatch_request()
  File "/Library/Frameworks/Python.framework/Versions/3.10/lib/python3.10/site-packages/flask/app.py", line 1509, in dispatch_request
    return self.ensure_sync(self.view_functions[rule.endpoint])(**req.view_args)
  File "/Users/nellikadocnikova/Desktop/lesson12_project_source_v3-master/main/views.py", line 26, in search_page
    return render_template("post_list.html", posts=filtered_posts, s=s)
  File "/Library/Frameworks/Python.framework/Versions/3.10/lib/python3.10/site-packages/flask/templating.py", line 149, in render_template
    ctx.app.jinja_env.get_or_select_template(template_name_or_list),
  File "/Library/Frameworks/Python.framework/Versions/3.10/lib/python3.10/site-packages/jinja2/environment.py", line 1081, in get_or_select_template
    return self.get_template(template_name_or_list, parent, globals)
  File "/Library/Frameworks/Python.framework/Versions/3.10/lib/python3.10/site-packages/jinja2/environment.py", line 1010, in get_template
    return self._load_template(name, globals)
  File "/Library/Frameworks/Python.framework/Versions/3.10/lib/python3.10/site-packages/jinja2/environment.py", line 969, in _load_template
    template = self.loader.load(self, name, self.make_globals(globals))
  File "/Library/Frameworks/Python.framework/Versions/3.10/lib/python3.10/site-packages/jinja2/loaders.py", line 138, in load
    code = environment.compile(source, name, filename)
  File "/Library/Frameworks/Python.framework/Versions/3.10/lib/python3.10/site-packages/jinja2/environment.py", line 768, in compile
    self.handle_exception(source=source_hint)
  File "/Library/Frameworks/Python.framework/Versions/3.10/lib/python3.10/site-packages/jinja2/environment.py", line 936, in handle_exception
    raise rewrite_traceback_stack(source=source)
  File "/Users/nellikadocnikova/Desktop/lesson12_project_source_v3-master/main/templates/post_list.html", line 22, in template
    {% andfor %}
jinja2.exceptions.TemplateSyntaxError: Encountered unknown tag 'andfor'. Jinja was looking for the following tags: 'endfor' or 'else'. The innermost block that needs to be closed is 'for'.
INFO:werkzeug:127.0.0.1 - - [23/May/2022 22:24:19] "[35m[1mGET /search?s=Ага HTTP/1.1[0m" 500 -
INFO:root:Выполняется поиск
ERROR:app:Exception on /search [GET]
Traceback (most recent call last):
  File "/Library/Frameworks/Python.framework/Versions/3.10/lib/python3.10/site-packages/flask/app.py", line 2077, in wsgi_app
    response = self.full_dispatch_request()
  File "/Library/Frameworks/Python.framework/Versions/3.10/lib/python3.10/site-packages/flask/app.py", line 1525, in full_dispatch_request
    rv = self.handle_user_exception(e)
  File "/Library/Frameworks/Python.framework/Versions/3.10/lib/python3.10/site-packages/flask/app.py", line 1523, in full_dispatch_request
    rv = self.dispatch_request()
  File "/Library/Frameworks/Python.framework/Versions/3.10/lib/python3.10/site-packages/flask/app.py", line 1509, in dispatch_request
    return self.ensure_sync(self.view_functions[rule.endpoint])(**req.view_args)
  File "/Users/nellikadocnikova/Desktop/lesson12_project_source_v3-master/main/views.py", line 26, in search_page
    return render_template("post_list.html", posts=filtered_posts, s=s)
  File "/Library/Frameworks/Python.framework/Versions/3.10/lib/python3.10/site-packages/flask/templating.py", line 149, in render_template
    ctx.app.jinja_env.get_or_select_template(template_name_or_list),
  File "/Library/Frameworks/Python.framework/Versions/3.10/lib/python3.10/site-packages/jinja2/environment.py", line 1081, in get_or_select_template
    return self.get_template(template_name_or_list, parent, globals)
  File "/Library/Frameworks/Python.framework/Versions/3.10/lib/python3.10/site-packages/jinja2/environment.py", line 1010, in get_template
    return self._load_template(name, globals)
  File "/Library/Frameworks/Python.framework/Versions/3.10/lib/python3.10/site-packages/jinja2/environment.py", line 969, in _load_template
    template = self.loader.load(self, name, self.make_globals(globals))
  File "/Library/Frameworks/Python.framework/Versions/3.10/lib/python3.10/site-packages/jinja2/loaders.py", line 138, in load
    code = environment.compile(source, name, filename)
  File "/Library/Frameworks/Python.framework/Versions/3.10/lib/python3.10/site-packages/jinja2/environment.py", line 768, in compile
    self.handle_exception(source=source_hint)
  File "/Library/Frameworks/Python.framework/Versions/3.10/lib/python3.10/site-packages/jinja2/environment.py", line 936, in handle_exception
    raise rewrite_traceback_stack(source=source)
  File "/Users/nellikadocnikova/Desktop/lesson12_project_source_v3-master/main/templates/post_list.html", line 22, in template
    {% andfor %}
jinja2.exceptions.TemplateSyntaxError: Encountered unknown tag 'andfor'. Jinja was looking for the following tags: 'endfor' or 'else'. The innermost block that needs to be closed is 'for'.
INFO:werkzeug:127.0.0.1 - - [24/May/2022 17:14:22] "[35m[1mGET /search?s=Ага HTTP/1.1[0m" 500 -
INFO:root:Открытие главной страницы
INFO:werkzeug:127.0.0.1 - - [24/May/2022 17:20:44] "GET / HTTP/1.1" 200 -
INFO:werkzeug:127.0.0.1 - - [24/May/2022 17:20:44] "[36mGET /static/style.css HTTP/1.1[0m" 304 -
INFO:root:Выполняется поиск
ERROR:app:Exception on /search [GET]
Traceback (most recent call last):
  File "/Library/Frameworks/Python.framework/Versions/3.10/lib/python3.10/site-packages/flask/app.py", line 2077, in wsgi_app
    response = self.full_dispatch_request()
  File "/Library/Frameworks/Python.framework/Versions/3.10/lib/python3.10/site-packages/flask/app.py", line 1525, in full_dispatch_request
    rv = self.handle_user_exception(e)
  File "/Library/Frameworks/Python.framework/Versions/3.10/lib/python3.10/site-packages/flask/app.py", line 1523, in full_dispatch_request
    rv = self.dispatch_request()
  File "/Library/Frameworks/Python.framework/Versions/3.10/lib/python3.10/site-packages/flask/app.py", line 1509, in dispatch_request
    return self.ensure_sync(self.view_functions[rule.endpoint])(**req.view_args)
  File "/Users/nellikadocnikova/Desktop/lesson12_project_source_v3-master/main/views.py", line 26, in search_page
    return render_template("post_list.html", posts=filtered_posts, s=s)
  File "/Library/Frameworks/Python.framework/Versions/3.10/lib/python3.10/site-packages/flask/templating.py", line 149, in render_template
    ctx.app.jinja_env.get_or_select_template(template_name_or_list),
  File "/Library/Frameworks/Python.framework/Versions/3.10/lib/python3.10/site-packages/jinja2/environment.py", line 1081, in get_or_select_template
    return self.get_template(template_name_or_list, parent, globals)
  File "/Library/Frameworks/Python.framework/Versions/3.10/lib/python3.10/site-packages/jinja2/environment.py", line 1010, in get_template
    return self._load_template(name, globals)
  File "/Library/Frameworks/Python.framework/Versions/3.10/lib/python3.10/site-packages/jinja2/environment.py", line 969, in _load_template
    template = self.loader.load(self, name, self.make_globals(globals))
  File "/Library/Frameworks/Python.framework/Versions/3.10/lib/python3.10/site-packages/jinja2/loaders.py", line 138, in load
    code = environment.compile(source, name, filename)
  File "/Library/Frameworks/Python.framework/Versions/3.10/lib/python3.10/site-packages/jinja2/environment.py", line 768, in compile
    self.handle_exception(source=source_hint)
  File "/Library/Frameworks/Python.framework/Versions/3.10/lib/python3.10/site-packages/jinja2/environment.py", line 936, in handle_exception
    raise rewrite_traceback_stack(source=source)
  File "/Users/nellikadocnikova/Desktop/lesson12_project_source_v3-master/main/templates/post_list.html", line 22, in template
    {% andfor %}
jinja2.exceptions.TemplateSyntaxError: Encountered unknown tag 'andfor'. Jinja was looking for the following tags: 'endfor' or 'else'. The innermost block that needs to be closed is 'for'.
INFO:werkzeug:127.0.0.1 - - [24/May/2022 17:20:50] "[35m[1mGET /search?s=Ага HTTP/1.1[0m" 500 -
INFO:root:Открытие главной страницы
INFO:werkzeug:127.0.0.1 - - [24/May/2022 17:23:39] "GET / HTTP/1.1" 200 -
INFO:werkzeug:127.0.0.1 - - [24/May/2022 17:23:39] "[36mGET /static/style.css HTTP/1.1[0m" 304 -
INFO:root:Выполняется поиск
ERROR:app:Exception on /search [GET]
Traceback (most recent call last):
  File "/Library/Frameworks/Python.framework/Versions/3.10/lib/python3.10/site-packages/flask/app.py", line 2077, in wsgi_app
    response = self.full_dispatch_request()
  File "/Library/Frameworks/Python.framework/Versions/3.10/lib/python3.10/site-packages/flask/app.py", line 1525, in full_dispatch_request
    rv = self.handle_user_exception(e)
  File "/Library/Frameworks/Python.framework/Versions/3.10/lib/python3.10/site-packages/flask/app.py", line 1523, in full_dispatch_request
    rv = self.dispatch_request()
  File "/Library/Frameworks/Python.framework/Versions/3.10/lib/python3.10/site-packages/flask/app.py", line 1509, in dispatch_request
    return self.ensure_sync(self.view_functions[rule.endpoint])(**req.view_args)
  File "/Users/nellikadocnikova/Desktop/lesson12_project_source_v3-master/main/views.py", line 26, in search_page
    return render_template("post_list.html", posts=filtered_posts, s=s)
  File "/Library/Frameworks/Python.framework/Versions/3.10/lib/python3.10/site-packages/flask/templating.py", line 149, in render_template
    ctx.app.jinja_env.get_or_select_template(template_name_or_list),
  File "/Library/Frameworks/Python.framework/Versions/3.10/lib/python3.10/site-packages/jinja2/environment.py", line 1081, in get_or_select_template
    return self.get_template(template_name_or_list, parent, globals)
  File "/Library/Frameworks/Python.framework/Versions/3.10/lib/python3.10/site-packages/jinja2/environment.py", line 1010, in get_template
    return self._load_template(name, globals)
  File "/Library/Frameworks/Python.framework/Versions/3.10/lib/python3.10/site-packages/jinja2/environment.py", line 969, in _load_template
    template = self.loader.load(self, name, self.make_globals(globals))
  File "/Library/Frameworks/Python.framework/Versions/3.10/lib/python3.10/site-packages/jinja2/loaders.py", line 138, in load
    code = environment.compile(source, name, filename)
  File "/Library/Frameworks/Python.framework/Versions/3.10/lib/python3.10/site-packages/jinja2/environment.py", line 768, in compile
    self.handle_exception(source=source_hint)
  File "/Library/Frameworks/Python.framework/Versions/3.10/lib/python3.10/site-packages/jinja2/environment.py", line 936, in handle_exception
    raise rewrite_traceback_stack(source=source)
  File "/Users/nellikadocnikova/Desktop/lesson12_project_source_v3-master/main/templates/post_list.html", line 22, in template
    {% andfor %}
jinja2.exceptions.TemplateSyntaxError: Encountered unknown tag 'andfor'. Jinja was looking for the following tags: 'endfor' or 'else'. The innermost block that needs to be closed is 'for'.
INFO:werkzeug:127.0.0.1 - - [24/May/2022 17:23:52] "[35m[1mGET /search?s=Ага HTTP/1.1[0m" 500 -
INFO:root:Выполняется поиск
ERROR:app:Exception on /search [GET]
Traceback (most recent call last):
  File "/Library/Frameworks/Python.framework/Versions/3.10/lib/python3.10/site-packages/flask/app.py", line 2077, in wsgi_app
    response = self.full_dispatch_request()
  File "/Library/Frameworks/Python.framework/Versions/3.10/lib/python3.10/site-packages/flask/app.py", line 1525, in full_dispatch_request
    rv = self.handle_user_exception(e)
  File "/Library/Frameworks/Python.framework/Versions/3.10/lib/python3.10/site-packages/flask/app.py", line 1523, in full_dispatch_request
    rv = self.dispatch_request()
  File "/Library/Frameworks/Python.framework/Versions/3.10/lib/python3.10/site-packages/flask/app.py", line 1509, in dispatch_request
    return self.ensure_sync(self.view_functions[rule.endpoint])(**req.view_args)
  File "/Users/nellikadocnikova/Desktop/lesson12_project_source_v3-master/main/views.py", line 26, in search_page
    return render_template("post_list.html", posts=filtered_posts, s=s)
  File "/Library/Frameworks/Python.framework/Versions/3.10/lib/python3.10/site-packages/flask/templating.py", line 149, in render_template
    ctx.app.jinja_env.get_or_select_template(template_name_or_list),
  File "/Library/Frameworks/Python.framework/Versions/3.10/lib/python3.10/site-packages/jinja2/environment.py", line 1081, in get_or_select_template
    return self.get_template(template_name_or_list, parent, globals)
  File "/Library/Frameworks/Python.framework/Versions/3.10/lib/python3.10/site-packages/jinja2/environment.py", line 1010, in get_template
    return self._load_template(name, globals)
  File "/Library/Frameworks/Python.framework/Versions/3.10/lib/python3.10/site-packages/jinja2/environment.py", line 969, in _load_template
    template = self.loader.load(self, name, self.make_globals(globals))
  File "/Library/Frameworks/Python.framework/Versions/3.10/lib/python3.10/site-packages/jinja2/loaders.py", line 138, in load
    code = environment.compile(source, name, filename)
  File "/Library/Frameworks/Python.framework/Versions/3.10/lib/python3.10/site-packages/jinja2/environment.py", line 768, in compile
    self.handle_exception(source=source_hint)
  File "/Library/Frameworks/Python.framework/Versions/3.10/lib/python3.10/site-packages/jinja2/environment.py", line 936, in handle_exception
    raise rewrite_traceback_stack(source=source)
  File "/Users/nellikadocnikova/Desktop/lesson12_project_source_v3-master/main/templates/post_list.html", line 22, in template
    {% andfor %}
jinja2.exceptions.TemplateSyntaxError: Encountered unknown tag 'andfor'. Jinja was looking for the following tags: 'endfor' or 'else'. The innermost block that needs to be closed is 'for'.
INFO:werkzeug:127.0.0.1 - - [24/May/2022 17:31:29] "[35m[1mGET /search?s=Ага HTTP/1.1[0m" 500 -
INFO:root:Выполняется поиск
ERROR:app:Exception on /search [GET]
Traceback (most recent call last):
  File "/Library/Frameworks/Python.framework/Versions/3.10/lib/python3.10/site-packages/flask/app.py", line 2077, in wsgi_app
    response = self.full_dispatch_request()
  File "/Library/Frameworks/Python.framework/Versions/3.10/lib/python3.10/site-packages/flask/app.py", line 1525, in full_dispatch_request
    rv = self.handle_user_exception(e)
  File "/Library/Frameworks/Python.framework/Versions/3.10/lib/python3.10/site-packages/flask/app.py", line 1523, in full_dispatch_request
    rv = self.dispatch_request()
  File "/Library/Frameworks/Python.framework/Versions/3.10/lib/python3.10/site-packages/flask/app.py", line 1509, in dispatch_request
    return self.ensure_sync(self.view_functions[rule.endpoint])(**req.view_args)
  File "/Users/nellikadocnikova/Desktop/lesson12_project_source_v3-master/main/views.py", line 26, in search_page
    return render_template("post_list.html", posts=filtered_posts, s=s)
  File "/Library/Frameworks/Python.framework/Versions/3.10/lib/python3.10/site-packages/flask/templating.py", line 149, in render_template
    ctx.app.jinja_env.get_or_select_template(template_name_or_list),
  File "/Library/Frameworks/Python.framework/Versions/3.10/lib/python3.10/site-packages/jinja2/environment.py", line 1081, in get_or_select_template
    return self.get_template(template_name_or_list, parent, globals)
  File "/Library/Frameworks/Python.framework/Versions/3.10/lib/python3.10/site-packages/jinja2/environment.py", line 1010, in get_template
    return self._load_template(name, globals)
  File "/Library/Frameworks/Python.framework/Versions/3.10/lib/python3.10/site-packages/jinja2/environment.py", line 969, in _load_template
    template = self.loader.load(self, name, self.make_globals(globals))
  File "/Library/Frameworks/Python.framework/Versions/3.10/lib/python3.10/site-packages/jinja2/loaders.py", line 138, in load
    code = environment.compile(source, name, filename)
  File "/Library/Frameworks/Python.framework/Versions/3.10/lib/python3.10/site-packages/jinja2/environment.py", line 768, in compile
    self.handle_exception(source=source_hint)
  File "/Library/Frameworks/Python.framework/Versions/3.10/lib/python3.10/site-packages/jinja2/environment.py", line 936, in handle_exception
    raise rewrite_traceback_stack(source=source)
  File "/Users/nellikadocnikova/Desktop/lesson12_project_source_v3-master/main/templates/post_list.html", line 22, in template
    {% andfor %}
jinja2.exceptions.TemplateSyntaxError: Encountered unknown tag 'andfor'. Jinja was looking for the following tags: 'endfor' or 'else'. The innermost block that needs to be closed is 'for'.
INFO:werkzeug:127.0.0.1 - - [24/May/2022 17:31:46] "[35m[1mGET /search?s=Ага HTTP/1.1[0m" 500 -
INFO:root:Выполняется поиск
ERROR:app:Exception on /search [GET]
Traceback (most recent call last):
  File "/Library/Frameworks/Python.framework/Versions/3.10/lib/python3.10/site-packages/flask/app.py", line 2077, in wsgi_app
    response = self.full_dispatch_request()
  File "/Library/Frameworks/Python.framework/Versions/3.10/lib/python3.10/site-packages/flask/app.py", line 1525, in full_dispatch_request
    rv = self.handle_user_exception(e)
  File "/Library/Frameworks/Python.framework/Versions/3.10/lib/python3.10/site-packages/flask/app.py", line 1523, in full_dispatch_request
    rv = self.dispatch_request()
  File "/Library/Frameworks/Python.framework/Versions/3.10/lib/python3.10/site-packages/flask/app.py", line 1509, in dispatch_request
    return self.ensure_sync(self.view_functions[rule.endpoint])(**req.view_args)
  File "/Users/nellikadocnikova/Desktop/lesson12_project_source_v3-master/main/views.py", line 26, in search_page
    filtered_posts = search_posts_by_substring(posts, s)
  File "/Library/Frameworks/Python.framework/Versions/3.10/lib/python3.10/site-packages/flask/templating.py", line 149, in render_template
    ctx.app.jinja_env.get_or_select_template(template_name_or_list),
  File "/Library/Frameworks/Python.framework/Versions/3.10/lib/python3.10/site-packages/jinja2/environment.py", line 1081, in get_or_select_template
    return self.get_template(template_name_or_list, parent, globals)
  File "/Library/Frameworks/Python.framework/Versions/3.10/lib/python3.10/site-packages/jinja2/environment.py", line 1010, in get_template
    return self._load_template(name, globals)
  File "/Library/Frameworks/Python.framework/Versions/3.10/lib/python3.10/site-packages/jinja2/environment.py", line 969, in _load_template
    template = self.loader.load(self, name, self.make_globals(globals))
  File "/Library/Frameworks/Python.framework/Versions/3.10/lib/python3.10/site-packages/jinja2/loaders.py", line 138, in load
    code = environment.compile(source, name, filename)
  File "/Library/Frameworks/Python.framework/Versions/3.10/lib/python3.10/site-packages/jinja2/environment.py", line 768, in compile
    self.handle_exception(source=source_hint)
  File "/Library/Frameworks/Python.framework/Versions/3.10/lib/python3.10/site-packages/jinja2/environment.py", line 936, in handle_exception
    raise rewrite_traceback_stack(source=source)
  File "/Users/nellikadocnikova/Desktop/lesson12_project_source_v3-master/main/templates/post_list.html", line 22, in template
    {% andfor %}
jinja2.exceptions.TemplateSyntaxError: Encountered unknown tag 'andfor'. Jinja was looking for the following tags: 'endfor' or 'else'. The innermost block that needs to be closed is 'for'.
INFO:werkzeug:127.0.0.1 - - [24/May/2022 17:38:34] "[35m[1mGET /search?s=Ага HTTP/1.1[0m" 500 -
INFO:root:Выполняется поиск
INFO:werkzeug:127.0.0.1 - - [24/May/2022 17:42:09] "GET /search?s=Ага HTTP/1.1" 200 -
INFO:werkzeug:127.0.0.1 - - [24/May/2022 17:42:09] "[36mGET /static/style.css HTTP/1.1[0m" 304 -
INFO:root:Открытие главной страницы
INFO:werkzeug:127.0.0.1 - - [24/May/2022 17:42:22] "GET / HTTP/1.1" 200 -
INFO:werkzeug:127.0.0.1 - - [24/May/2022 17:42:22] "[36mGET /static/style.css HTTP/1.1[0m" 304 -
INFO:root:Выполняется поиск
INFO:werkzeug:127.0.0.1 - - [24/May/2022 17:42:26] "GET /search?s=Утром HTTP/1.1" 200 -
INFO:werkzeug:127.0.0.1 - - [24/May/2022 17:42:26] "[36mGET /static/style.css HTTP/1.1[0m" 304 -
INFO:root:Открытие главной страницы
INFO:werkzeug:127.0.0.1 - - [24/May/2022 20:47:53] "GET / HTTP/1.1" 200 -
INFO:werkzeug:127.0.0.1 - - [24/May/2022 20:47:53] "[36mGET /static/style.css HTTP/1.1[0m" 304 -
INFO:root:Выполняется поиск
INFO:werkzeug:127.0.0.1 - - [24/May/2022 20:47:57] "GET /search?s=Ага HTTP/1.1" 200 -
INFO:werkzeug:127.0.0.1 - - [24/May/2022 20:47:57] "[36mGET /static/style.css HTTP/1.1[0m" 304 -
INFO:root:Открытие главной страницы
INFO:werkzeug:127.0.0.1 - - [24/May/2022 20:47:59] "GET / HTTP/1.1" 200 -
INFO:werkzeug:127.0.0.1 - - [24/May/2022 20:47:59] "[36mGET /static/style.css HTTP/1.1[0m" 304 -
INFO:root:Выполняется поиск
INFO:werkzeug:127.0.0.1 - - [24/May/2022 20:48:17] "GET /search?s=Ага HTTP/1.1" 200 -
INFO:werkzeug:127.0.0.1 - - [24/May/2022 20:48:17] "[36mGET /static/style.css HTTP/1.1[0m" 304 -
INFO:root:Открытие главной страницы
INFO:werkzeug:127.0.0.1 - - [24/May/2022 20:48:20] "GET / HTTP/1.1" 200 -
INFO:werkzeug:127.0.0.1 - - [24/May/2022 20:48:21] "[36mGET /static/style.css HTTP/1.1[0m" 304 -
INFO:root:Выполняется поиск
INFO:werkzeug:127.0.0.1 - - [24/May/2022 20:48:25] "GET /search?s=Утром HTTP/1.1" 200 -
INFO:werkzeug:127.0.0.1 - - [24/May/2022 20:48:25] "[36mGET /static/style.css HTTP/1.1[0m" 304 -
ERROR:app:Exception on /post [GET]
Traceback (most recent call last):
  File "/Library/Frameworks/Python.framework/Versions/3.10/lib/python3.10/site-packages/flask/app.py", line 2077, in wsgi_app
    response = self.full_dispatch_request()
  File "/Library/Frameworks/Python.framework/Versions/3.10/lib/python3.10/site-packages/flask/app.py", line 1525, in full_dispatch_request
    rv = self.handle_user_exception(e)
  File "/Library/Frameworks/Python.framework/Versions/3.10/lib/python3.10/site-packages/flask/app.py", line 1523, in full_dispatch_request
    rv = self.dispatch_request()
  File "/Library/Frameworks/Python.framework/Versions/3.10/lib/python3.10/site-packages/flask/app.py", line 1509, in dispatch_request
    return self.ensure_sync(self.view_functions[rule.endpoint])(**req.view_args)
  File "/Users/nellikadocnikova/Desktop/lesson12_project_source_v3-master/loader/views.py", line 12, in create_new_post_page
    def create_new_post_page():
NameError: name 'post_form' is not defined
INFO:werkzeug:127.0.0.1 - - [24/May/2022 20:48:30] "[35m[1mGET /post HTTP/1.1[0m" 500 -
INFO:root:Открытие главной страницы
INFO:werkzeug:127.0.0.1 - - [24/May/2022 21:31:52] "GET / HTTP/1.1" 200 -
INFO:werkzeug:127.0.0.1 - - [24/May/2022 21:31:52] "[36mGET /static/style.css HTTP/1.1[0m" 304 -
INFO:root:Выполняется поиск
INFO:werkzeug:127.0.0.1 - - [24/May/2022 21:34:25] "GET /search?s=Утром HTTP/1.1" 200 -
INFO:werkzeug:127.0.0.1 - - [24/May/2022 21:34:25] "[36mGET /static/style.css HTTP/1.1[0m" 304 -
ERROR:app:Exception on /post [GET]
Traceback (most recent call last):
  File "/Library/Frameworks/Python.framework/Versions/3.10/lib/python3.10/site-packages/flask/app.py", line 2077, in wsgi_app
    response = self.full_dispatch_request()
  File "/Library/Frameworks/Python.framework/Versions/3.10/lib/python3.10/site-packages/flask/app.py", line 1525, in full_dispatch_request
    rv = self.handle_user_exception(e)
  File "/Library/Frameworks/Python.framework/Versions/3.10/lib/python3.10/site-packages/flask/app.py", line 1523, in full_dispatch_request
    rv = self.dispatch_request()
  File "/Library/Frameworks/Python.framework/Versions/3.10/lib/python3.10/site-packages/flask/app.py", line 1509, in dispatch_request
    return self.ensure_sync(self.view_functions[rule.endpoint])(**req.view_args)
  File "/Users/nellikadocnikova/Desktop/lesson12_project_source_v3-master/loader/views.py", line 12, in create_new_post_page
    def create_new_post_page():
NameError: name 'post_form' is not defined
INFO:werkzeug:127.0.0.1 - - [24/May/2022 21:35:28] "[35m[1mGET /post HTTP/1.1[0m" 500 -
INFO:root:Открытие главной страницы
INFO:werkzeug:127.0.0.1 - - [24/May/2022 21:35:34] "GET / HTTP/1.1" 200 -
INFO:werkzeug:127.0.0.1 - - [24/May/2022 21:35:34] "[36mGET /static/style.css HTTP/1.1[0m" 304 -
ERROR:app:Exception on /post [GET]
Traceback (most recent call last):
  File "/Library/Frameworks/Python.framework/Versions/3.10/lib/python3.10/site-packages/flask/app.py", line 2077, in wsgi_app
    response = self.full_dispatch_request()
  File "/Library/Frameworks/Python.framework/Versions/3.10/lib/python3.10/site-packages/flask/app.py", line 1525, in full_dispatch_request
    rv = self.handle_user_exception(e)
  File "/Library/Frameworks/Python.framework/Versions/3.10/lib/python3.10/site-packages/flask/app.py", line 1523, in full_dispatch_request
    rv = self.dispatch_request()
  File "/Library/Frameworks/Python.framework/Versions/3.10/lib/python3.10/site-packages/flask/app.py", line 1509, in dispatch_request
    return self.ensure_sync(self.view_functions[rule.endpoint])(**req.view_args)
  File "/Users/nellikadocnikova/Desktop/lesson12_project_source_v3-master/loader/views.py", line 12, in create_new_post_page
    def create_new_post_page():
NameError: name 'post_form' is not defined
INFO:werkzeug:127.0.0.1 - - [24/May/2022 21:35:36] "[35m[1mGET /post HTTP/1.1[0m" 500 -
INFO:root:Выполняется поиск
INFO:werkzeug:127.0.0.1 - - [24/May/2022 21:35:39] "GET /search?s= HTTP/1.1" 200 -
INFO:werkzeug:127.0.0.1 - - [24/May/2022 21:35:39] "[36mGET /static/style.css HTTP/1.1[0m" 304 -
INFO:root:Открытие главной страницы
INFO:werkzeug:127.0.0.1 - - [24/May/2022 21:42:33] "GET / HTTP/1.1" 200 -
INFO:werkzeug:127.0.0.1 - - [24/May/2022 21:42:33] "[36mGET /static/style.css HTTP/1.1[0m" 304 -
ERROR:app:Exception on /post [GET]
Traceback (most recent call last):
  File "/Library/Frameworks/Python.framework/Versions/3.10/lib/python3.10/site-packages/flask/app.py", line 2077, in wsgi_app
    response = self.full_dispatch_request()
  File "/Library/Frameworks/Python.framework/Versions/3.10/lib/python3.10/site-packages/flask/app.py", line 1525, in full_dispatch_request
    rv = self.handle_user_exception(e)
  File "/Library/Frameworks/Python.framework/Versions/3.10/lib/python3.10/site-packages/flask/app.py", line 1523, in full_dispatch_request
    rv = self.dispatch_request()
  File "/Library/Frameworks/Python.framework/Versions/3.10/lib/python3.10/site-packages/flask/app.py", line 1509, in dispatch_request
    return self.ensure_sync(self.view_functions[rule.endpoint])(**req.view_args)
  File "/Users/nellikadocnikova/Desktop/lesson12_project_source_v3-master/loader/views.py", line 12, in create_new_post_page
    def create_new_post_page():
NameError: name 'post_form' is not defined
INFO:werkzeug:127.0.0.1 - - [24/May/2022 21:42:55] "[35m[1mGET /post HTTP/1.1[0m" 500 -
ERROR:app:Exception on /post [GET]
Traceback (most recent call last):
  File "/Library/Frameworks/Python.framework/Versions/3.10/lib/python3.10/site-packages/flask/app.py", line 2077, in wsgi_app
    response = self.full_dispatch_request()
  File "/Library/Frameworks/Python.framework/Versions/3.10/lib/python3.10/site-packages/flask/app.py", line 1525, in full_dispatch_request
    rv = self.handle_user_exception(e)
  File "/Library/Frameworks/Python.framework/Versions/3.10/lib/python3.10/site-packages/flask/app.py", line 1523, in full_dispatch_request
    rv = self.dispatch_request()
  File "/Library/Frameworks/Python.framework/Versions/3.10/lib/python3.10/site-packages/flask/app.py", line 1509, in dispatch_request
    return self.ensure_sync(self.view_functions[rule.endpoint])(**req.view_args)
  File "/Users/nellikadocnikova/Desktop/lesson12_project_source_v3-master/loader/views.py", line 12, in create_new_post_page
    def create_new_post_page():
NameError: name 'post_form' is not defined
INFO:werkzeug:127.0.0.1 - - [24/May/2022 21:43:11] "[35m[1mGET /post HTTP/1.1[0m" 500 -
INFO:root:Открытие главной страницы
INFO:werkzeug:127.0.0.1 - - [24/May/2022 21:48:13] "GET / HTTP/1.1" 200 -
INFO:werkzeug:127.0.0.1 - - [24/May/2022 21:48:14] "[36mGET /static/style.css HTTP/1.1[0m" 304 -
INFO:root:Выполняется поиск
INFO:werkzeug:127.0.0.1 - - [24/May/2022 21:48:18] "GET /search?s=Утром HTTP/1.1" 200 -
INFO:werkzeug:127.0.0.1 - - [24/May/2022 21:48:18] "[36mGET /static/style.css HTTP/1.1[0m" 304 -
INFO:root:Открытие главной страницы
INFO:werkzeug:127.0.0.1 - - [24/May/2022 21:48:21] "GET / HTTP/1.1" 200 -
INFO:werkzeug:127.0.0.1 - - [24/May/2022 21:48:21] "[36mGET /static/style.css HTTP/1.1[0m" 304 -
INFO:root:Выполняется поиск
INFO:werkzeug:127.0.0.1 - - [24/May/2022 21:48:25] "GET /search?s=ага HTTP/1.1" 200 -
INFO:werkzeug:127.0.0.1 - - [24/May/2022 21:48:25] "[36mGET /static/style.css HTTP/1.1[0m" 304 -
ERROR:app:Exception on /post [GET]
Traceback (most recent call last):
  File "/Library/Frameworks/Python.framework/Versions/3.10/lib/python3.10/site-packages/flask/app.py", line 2077, in wsgi_app
    response = self.full_dispatch_request()
  File "/Library/Frameworks/Python.framework/Versions/3.10/lib/python3.10/site-packages/flask/app.py", line 1525, in full_dispatch_request
    rv = self.handle_user_exception(e)
  File "/Library/Frameworks/Python.framework/Versions/3.10/lib/python3.10/site-packages/flask/app.py", line 1523, in full_dispatch_request
    rv = self.dispatch_request()
  File "/Library/Frameworks/Python.framework/Versions/3.10/lib/python3.10/site-packages/flask/app.py", line 1509, in dispatch_request
    return self.ensure_sync(self.view_functions[rule.endpoint])(**req.view_args)
  File "/Users/nellikadocnikova/Desktop/lesson12_project_source_v3-master/loader/views.py", line 12, in create_new_post_page
    def create_new_post_page():
NameError: name 'post_form' is not defined
INFO:werkzeug:127.0.0.1 - - [24/May/2022 21:48:38] "[35m[1mGET /post HTTP/1.1[0m" 500 -
ERROR:app:Exception on /post [GET]
Traceback (most recent call last):
  File "/Library/Frameworks/Python.framework/Versions/3.10/lib/python3.10/site-packages/flask/app.py", line 2077, in wsgi_app
    response = self.full_dispatch_request()
  File "/Library/Frameworks/Python.framework/Versions/3.10/lib/python3.10/site-packages/flask/app.py", line 1525, in full_dispatch_request
    rv = self.handle_user_exception(e)
  File "/Library/Frameworks/Python.framework/Versions/3.10/lib/python3.10/site-packages/flask/app.py", line 1523, in full_dispatch_request
    rv = self.dispatch_request()
  File "/Library/Frameworks/Python.framework/Versions/3.10/lib/python3.10/site-packages/flask/app.py", line 1509, in dispatch_request
    return self.ensure_sync(self.view_functions[rule.endpoint])(**req.view_args)
  File "/Users/nellikadocnikova/Desktop/lesson12_project_source_v3-master/loader/views.py", line 12, in create_new_post_page
    def create_new_post_page():
NameError: name 'post_form' is not defined
INFO:werkzeug:127.0.0.1 - - [24/May/2022 21:48:53] "[35m[1mGET /post HTTP/1.1[0m" 500 -
INFO:root:Открытие главной страницы
INFO:werkzeug:127.0.0.1 - - [24/May/2022 21:48:57] "GET / HTTP/1.1" 200 -
INFO:werkzeug:127.0.0.1 - - [24/May/2022 21:48:57] "[36mGET /static/style.css HTTP/1.1[0m" 304 -
ERROR:app:Exception on /post [GET]
Traceback (most recent call last):
  File "/Library/Frameworks/Python.framework/Versions/3.10/lib/python3.10/site-packages/flask/app.py", line 2077, in wsgi_app
    response = self.full_dispatch_request()
  File "/Library/Frameworks/Python.framework/Versions/3.10/lib/python3.10/site-packages/flask/app.py", line 1525, in full_dispatch_request
    rv = self.handle_user_exception(e)
  File "/Library/Frameworks/Python.framework/Versions/3.10/lib/python3.10/site-packages/flask/app.py", line 1523, in full_dispatch_request
    rv = self.dispatch_request()
  File "/Library/Frameworks/Python.framework/Versions/3.10/lib/python3.10/site-packages/flask/app.py", line 1509, in dispatch_request
    return self.ensure_sync(self.view_functions[rule.endpoint])(**req.view_args)
  File "/Users/nellikadocnikova/Desktop/lesson12_project_source_v3-master/loader/views.py", line 12, in create_new_post_page
    def create_new_post_page():
NameError: name 'post_form' is not defined
INFO:werkzeug:127.0.0.1 - - [24/May/2022 21:48:59] "[35m[1mGET /post HTTP/1.1[0m" 500 -
ERROR:app:Exception on /post [GET]
Traceback (most recent call last):
  File "/Library/Frameworks/Python.framework/Versions/3.10/lib/python3.10/site-packages/flask/app.py", line 2077, in wsgi_app
    response = self.full_dispatch_request()
  File "/Library/Frameworks/Python.framework/Versions/3.10/lib/python3.10/site-packages/flask/app.py", line 1525, in full_dispatch_request
    rv = self.handle_user_exception(e)
  File "/Library/Frameworks/Python.framework/Versions/3.10/lib/python3.10/site-packages/flask/app.py", line 1523, in full_dispatch_request
    rv = self.dispatch_request()
  File "/Library/Frameworks/Python.framework/Versions/3.10/lib/python3.10/site-packages/flask/app.py", line 1509, in dispatch_request
    return self.ensure_sync(self.view_functions[rule.endpoint])(**req.view_args)
  File "/Users/nellikadocnikova/Desktop/lesson12_project_source_v3-master/loader/views.py", line 12, in create_new_post_page
    def create_new_post_page():
NameError: name 'post_form' is not defined
INFO:werkzeug:127.0.0.1 - - [24/May/2022 21:49:02] "[35m[1mGET /post HTTP/1.1[0m" 500 -
INFO:root:Выполняется поиск
INFO:werkzeug:127.0.0.1 - - [24/May/2022 21:49:05] "GET /search?s= HTTP/1.1" 200 -
INFO:werkzeug:127.0.0.1 - - [24/May/2022 21:49:05] "[36mGET /static/style.css HTTP/1.1[0m" 304 -
INFO:root:Открытие главной страницы
INFO:werkzeug:127.0.0.1 - - [24/May/2022 21:49:10] "GET / HTTP/1.1" 200 -
INFO:werkzeug:127.0.0.1 - - [24/May/2022 21:49:10] "[36mGET /static/style.css HTTP/1.1[0m" 304 -
INFO:root:Выполняется поиск
INFO:werkzeug:127.0.0.1 - - [24/May/2022 21:49:14] "GET /search?s=Утром HTTP/1.1" 200 -
INFO:werkzeug:127.0.0.1 - - [24/May/2022 21:49:14] "[36mGET /static/style.css HTTP/1.1[0m" 304 -
ERROR:app:Exception on /post [GET]
Traceback (most recent call last):
  File "/Library/Frameworks/Python.framework/Versions/3.10/lib/python3.10/site-packages/flask/app.py", line 2077, in wsgi_app
    response = self.full_dispatch_request()
  File "/Library/Frameworks/Python.framework/Versions/3.10/lib/python3.10/site-packages/flask/app.py", line 1525, in full_dispatch_request
    rv = self.handle_user_exception(e)
  File "/Library/Frameworks/Python.framework/Versions/3.10/lib/python3.10/site-packages/flask/app.py", line 1523, in full_dispatch_request
    rv = self.dispatch_request()
  File "/Library/Frameworks/Python.framework/Versions/3.10/lib/python3.10/site-packages/flask/app.py", line 1509, in dispatch_request
    return self.ensure_sync(self.view_functions[rule.endpoint])(**req.view_args)
  File "/Users/nellikadocnikova/Desktop/lesson12_project_source_v3-master/loader/views.py", line 12, in create_new_post_page
    def create_new_post_page():
NameError: name 'post_form' is not defined
INFO:werkzeug:127.0.0.1 - - [24/May/2022 21:49:17] "[35m[1mGET /post HTTP/1.1[0m" 500 -
INFO:root:Открытие главной страницы
INFO:werkzeug:127.0.0.1 - - [24/May/2022 21:49:34] "GET / HTTP/1.1" 200 -
INFO:werkzeug:127.0.0.1 - - [24/May/2022 21:49:34] "[36mGET /static/style.css HTTP/1.1[0m" 304 -
INFO:root:Открытие главной страницы
INFO:werkzeug:127.0.0.1 - - [24/May/2022 21:51:38] "GET / HTTP/1.1" 200 -
INFO:werkzeug:127.0.0.1 - - [24/May/2022 21:51:39] "[36mGET /static/style.css HTTP/1.1[0m" 304 -
ERROR:app:Exception on /post [GET]
Traceback (most recent call last):
  File "/Library/Frameworks/Python.framework/Versions/3.10/lib/python3.10/site-packages/flask/app.py", line 2077, in wsgi_app
    response = self.full_dispatch_request()
  File "/Library/Frameworks/Python.framework/Versions/3.10/lib/python3.10/site-packages/flask/app.py", line 1525, in full_dispatch_request
    rv = self.handle_user_exception(e)
  File "/Library/Frameworks/Python.framework/Versions/3.10/lib/python3.10/site-packages/flask/app.py", line 1523, in full_dispatch_request
    rv = self.dispatch_request()
  File "/Library/Frameworks/Python.framework/Versions/3.10/lib/python3.10/site-packages/flask/app.py", line 1509, in dispatch_request
    return self.ensure_sync(self.view_functions[rule.endpoint])(**req.view_args)
  File "/Users/nellikadocnikova/Desktop/lesson12_project_source_v3-master/loader/views.py", line 12, in create_new_post_page
    def create_new_post_page():
NameError: name 'post_form' is not defined
INFO:werkzeug:127.0.0.1 - - [24/May/2022 21:52:03] "[35m[1mGET /post HTTP/1.1[0m" 500 -
ERROR:app:Exception on /post [GET]
Traceback (most recent call last):
  File "/Library/Frameworks/Python.framework/Versions/3.10/lib/python3.10/site-packages/flask/app.py", line 2077, in wsgi_app
    response = self.full_dispatch_request()
  File "/Library/Frameworks/Python.framework/Versions/3.10/lib/python3.10/site-packages/flask/app.py", line 1525, in full_dispatch_request
    rv = self.handle_user_exception(e)
  File "/Library/Frameworks/Python.framework/Versions/3.10/lib/python3.10/site-packages/flask/app.py", line 1523, in full_dispatch_request
    rv = self.dispatch_request()
  File "/Library/Frameworks/Python.framework/Versions/3.10/lib/python3.10/site-packages/flask/app.py", line 1509, in dispatch_request
    return self.ensure_sync(self.view_functions[rule.endpoint])(**req.view_args)
  File "/Users/nellikadocnikova/Desktop/lesson12_project_source_v3-master/loader/views.py", line 12, in create_new_post_page
    def create_new_post_page():
NameError: name 'post_form' is not defined
INFO:werkzeug:127.0.0.1 - - [24/May/2022 21:58:41] "[35m[1mGET /post HTTP/1.1[0m" 500 -
ERROR:app:Exception on /post [GET]
Traceback (most recent call last):
  File "/Library/Frameworks/Python.framework/Versions/3.10/lib/python3.10/site-packages/flask/app.py", line 2077, in wsgi_app
    response = self.full_dispatch_request()
  File "/Library/Frameworks/Python.framework/Versions/3.10/lib/python3.10/site-packages/flask/app.py", line 1525, in full_dispatch_request
    rv = self.handle_user_exception(e)
  File "/Library/Frameworks/Python.framework/Versions/3.10/lib/python3.10/site-packages/flask/app.py", line 1523, in full_dispatch_request
    rv = self.dispatch_request()
  File "/Library/Frameworks/Python.framework/Versions/3.10/lib/python3.10/site-packages/flask/app.py", line 1509, in dispatch_request
    return self.ensure_sync(self.view_functions[rule.endpoint])(**req.view_args)
  File "/Users/nellikadocnikova/Desktop/lesson12_project_source_v3-master/loader/views.py", line 12, in create_new_post_page
    def create_new_post_page():
NameError: name 'post_form' is not defined
INFO:werkzeug:127.0.0.1 - - [24/May/2022 21:58:45] "[35m[1mGET /post HTTP/1.1[0m" 500 -
INFO:root:Выполняется поиск
INFO:werkzeug:127.0.0.1 - - [24/May/2022 21:58:48] "GET /search?s= HTTP/1.1" 200 -
INFO:werkzeug:127.0.0.1 - - [24/May/2022 21:58:48] "[36mGET /static/style.css HTTP/1.1[0m" 304 -
INFO:root:Открытие главной страницы
INFO:werkzeug:127.0.0.1 - - [24/May/2022 22:06:16] "GET / HTTP/1.1" 200 -
INFO:werkzeug:127.0.0.1 - - [24/May/2022 22:06:16] "[36mGET /static/style.css HTTP/1.1[0m" 304 -
ERROR:app:Exception on /post [GET]
Traceback (most recent call last):
  File "/Library/Frameworks/Python.framework/Versions/3.10/lib/python3.10/site-packages/flask/app.py", line 2077, in wsgi_app
    response = self.full_dispatch_request()
  File "/Library/Frameworks/Python.framework/Versions/3.10/lib/python3.10/site-packages/flask/app.py", line 1525, in full_dispatch_request
    rv = self.handle_user_exception(e)
  File "/Library/Frameworks/Python.framework/Versions/3.10/lib/python3.10/site-packages/flask/app.py", line 1523, in full_dispatch_request
    rv = self.dispatch_request()
  File "/Library/Frameworks/Python.framework/Versions/3.10/lib/python3.10/site-packages/flask/app.py", line 1509, in dispatch_request
    return self.ensure_sync(self.view_functions[rule.endpoint])(**req.view_args)
  File "/Users/nellikadocnikova/Desktop/lesson12_project_source_v3-master/loader/views.py", line 12, in create_new_post_page
    def create_new_post_page():
NameError: name 'post_form' is not defined
INFO:werkzeug:127.0.0.1 - - [24/May/2022 22:06:17] "[35m[1mGET /post HTTP/1.1[0m" 500 -
